Unity Editor version:    2020.3.30f1 (1fb1bf06830e)
Branch:                  2020.3/staging
Build type:              Release
Batch mode:              YES
macOS version:           Version 10.14.1 (Build 18B75)
Darwin version:          18.2.0
Architecture:            x86_64
Running under Rosetta:   NO
Available memory:        16384 MB
Using pre-set license
Pro License: NO

COMMAND LINE ARGUMENTS:
/Applications/Unity/Hub/Editor/2020.3.30f1/Unity.app/Contents/MacOS/Unity
-adb2
-batchMode
-noUpm
-name
AssetImportWorker0
-projectPath
/Users/samuel/avatar
-logFile
Logs/AssetImportWorker0.log
-srvPort
55333
Successfully changed project path to: /Users/samuel/avatar
/Users/samuel/avatar
Using Asset Import Pipeline V2.
Refreshing native plugins compatible for Editor in 66.98 ms, found 4 plugins.
Preloading 1 native plugins for Editor in 2.56 ms.
Initialize engine version: 2020.3.30f1 (1fb1bf06830e)
[Subsystems] Discovering subsystems at path /Applications/Unity/Hub/Editor/2020.3.30f1/Unity.app/Contents/Resources/UnitySubsystems
[Subsystems] Discovering subsystems at path /Users/samuel/avatar/Assets
GfxDevice: creating device client; threaded=0
2022-03-24 12:26:55.349 Unity[98673:1425908] Color LCD preferred device: Intel Iris Pro Graphics (low power)
2022-03-24 12:26:55.349 Unity[98673:1425908] Metal devices available: 1
2022-03-24 12:26:55.349 Unity[98673:1425908] 0: Intel Iris Pro Graphics (low power)
2022-03-24 12:26:55.350 Unity[98673:1425908] Using device Intel Iris Pro Graphics (low power)
Initializing Metal device caps: Intel Iris Pro Graphics
Initialize mono
Mono path[0] = '/Applications/Unity/Hub/Editor/2020.3.30f1/Unity.app/Contents/Managed'
Mono path[1] = '/Applications/Unity/Hub/Editor/2020.3.30f1/Unity.app/Contents/MonoBleedingEdge/lib/mono/unityjit'
Mono config path = '/Applications/Unity/Hub/Editor/2020.3.30f1/Unity.app/Contents/MonoBleedingEdge/etc'
Using monoOptions --debugger-agent=transport=dt_socket,embedding=1,server=y,suspend=n,address=127.0.0.1:56673
Begin MonoManager ReloadAssembly
Registering precompiled unity dll's ...
Register platform support module: /Applications/Unity/Hub/Editor/2020.3.30f1/Unity.app/Contents/PlaybackEngines/MacStandaloneSupport/UnityEditor.OSXStandalone.Extensions.dll
Registered in 0.000643 seconds.
Native extension for OSXStandalone target not found
Refreshing native plugins compatible for Editor in 54.84 ms, found 4 plugins.
Preloading 1 native plugins for Editor in 0.47 ms.
Mono: successfully reloaded assembly
- Completed reload, in  0.808 seconds
Domain Reload Profiling:
	ReloadAssembly (808ms)
		BeginReloadAssembly (62ms)
			ExecutionOrderSort (0ms)
			DisableScriptedObjects (0ms)
			BackupInstance (0ms)
			ReleaseScriptingObjects (0ms)
			CreateAndSetChildDomain (1ms)
		EndReloadAssembly (646ms)
			LoadAssemblies (61ms)
			RebuildTransferFunctionScriptingTraits (0ms)
			SetupTypeCache (247ms)
			ReleaseScriptCaches (0ms)
			RebuildScriptCaches (49ms)
			SetupLoadedEditorAssemblies (241ms)
				LogAssemblyErrors (0ms)
				InitializePlatformSupportModulesInManaged (5ms)
				SetLoadedEditorAssemblies (0ms)
				RefreshPlugins (55ms)
				BeforeProcessingInitializeOnLoad (10ms)
				ProcessInitializeOnLoadAttributes (132ms)
				ProcessInitializeOnLoadMethodAttributes (36ms)
				AfterProcessingInitializeOnLoad (0ms)
				EditorAssembliesLoaded (1ms)
			ExecutionOrderSort2 (0ms)
			AwakeInstancesAfterBackupRestoration (0ms)
Platform modules already initialized, skipping
Registering precompiled user dll's ...
Registered in 0.003924 seconds.
Begin MonoManager ReloadAssembly
Native extension for OSXStandalone target not found
Refreshing native plugins compatible for Editor in 55.27 ms, found 4 plugins.
Preloading 1 native plugins for Editor in 0.54 ms.
Mono: successfully reloaded assembly
- Completed reload, in  1.659 seconds
Domain Reload Profiling:
	ReloadAssembly (1660ms)
		BeginReloadAssembly (209ms)
			ExecutionOrderSort (0ms)
			DisableScriptedObjects (7ms)
			BackupInstance (0ms)
			ReleaseScriptingObjects (0ms)
			CreateAndSetChildDomain (43ms)
		EndReloadAssembly (1366ms)
			LoadAssemblies (96ms)
			RebuildTransferFunctionScriptingTraits (0ms)
			SetupTypeCache (477ms)
			ReleaseScriptCaches (1ms)
			RebuildScriptCaches (86ms)
			SetupLoadedEditorAssemblies (515ms)
				LogAssemblyErrors (0ms)
				InitializePlatformSupportModulesInManaged (6ms)
				SetLoadedEditorAssemblies (1ms)
				RefreshPlugins (56ms)
				BeforeProcessingInitializeOnLoad (77ms)
				ProcessInitializeOnLoadAttributes (361ms)
				ProcessInitializeOnLoadMethodAttributes (12ms)
				AfterProcessingInitializeOnLoad (1ms)
				EditorAssembliesLoaded (0ms)
			ExecutionOrderSort2 (0ms)
			AwakeInstancesAfterBackupRestoration (7ms)
Platform modules already initialized, skipping
Validating Project structure ... 0.006103 seconds.
Shader import version has changed; will reimport all shaders...
Upgrading shader files ...0.022904 seconds.
Application.AssetDatabase Initial Script Refresh Start
RefreshInfo: InitialScriptRefreshV2(NoUpdateAssetOptions) scanfilter:  ... 1 filters
RefreshProfiler: Total: 0.000ms
Application.AssetDatabase Initial Script Refresh End
Application.AssetDatabase.Refresh Start
Application.AssetDatabase.Refresh End
RefreshInfo: StopAssetImportingV2(ForceSynchronousImport) scanfilter: 
RefreshProfiler: Total: 0.000ms
Launching external process: /Applications/Unity/Hub/Editor/2020.3.30f1/Unity.app/Contents/Tools/UnityShaderCompiler
Launched and connected shader compiler UnityShaderCompiler after 0.02 seconds
Initializing Unity extensions:
========================================================================
Worker process is ready to serve import requests
Refreshing native plugins compatible for Editor in 0.78 ms, found 4 plugins.
Preloading 1 native plugins for Editor in 0.57 ms.
Unloading 2354 Unused Serialized files (Serialized files now loaded: 0)
System memory in use before: 219.1 MB.
System memory in use after: 218.4 MB.

Unloading 192 unused Assets to reduce memory usage. Loaded Objects now: 2859.
Total: 5.216183 ms (FindLiveObjects: 0.339810 ms CreateObjectMapping: 0.250040 ms MarkObjects: 3.934868 ms  DeleteObjects: 0.690366 ms)

AssetImportParameters requested are different than current active one (requested -> active):
  custom:video-decoder-ogg-theora: a1e56fd34408186e4bbccfd4996cb3dc -> 
  custom:container-muxer-webm: aa71ff27fc2769a1b78a27578f13a17b -> 
  custom:container-demuxer-webm: 4f35f7cbe854078d1ac9338744f61a02 -> 
  custom:container-demuxer-ogg: 62fdf1f143b41e24485cea50d1cbac27 -> 
  custom:video-encoder-webm-vp8: eb34c28f22e8b96e1ab97ce403110664 -> 
  custom:framework-osx-AVFoundation: b23960f63f64bdc6ff669e2cdcee2391 -> 
  custom:video-decoder-webm-vp8: 9c59270c3fd7afecdb556c50c9e8de78 -> 
  custom:audio-decoder-ogg-vorbis: bf7c407c2cedff20999df2af8eb42d56 -> 
  custom:audio-encoder-webm-vorbis: bf7c407c2cedff20999df2af8eb42d56 -> 
========================================================================
Received Import Request.
  path: Assets/Scripts/Player/AvatarModel.cs
  artifactKey: Guid(a8077b3c2dec84d2d8c01f149ebc5d5d) Importer(815301076,1909f56bfc062723c751e8b465ee728b)
Start importing Assets/Scripts/Player/AvatarModel.cs using Guid(a8077b3c2dec84d2d8c01f149ebc5d5d) Importer(815301076,1909f56bfc062723c751e8b465ee728b)  -> (artifact id: '599ff486411de81d9981ce0595cac157') in 0.206418 seconds 
========================================================================
Received Prepare
Registering precompiled user dll's ...
Registered in 0.004056 seconds.
Begin MonoManager ReloadAssembly
Native extension for OSXStandalone target not found
Refreshing native plugins compatible for Editor in 0.79 ms, found 4 plugins.
Preloading 1 native plugins for Editor in 0.52 ms.
Mono: successfully reloaded assembly
- Completed reload, in  1.550 seconds
Domain Reload Profiling:
	ReloadAssembly (1551ms)
		BeginReloadAssembly (158ms)
			ExecutionOrderSort (0ms)
			DisableScriptedObjects (6ms)
			BackupInstance (0ms)
			ReleaseScriptingObjects (0ms)
			CreateAndSetChildDomain (80ms)
		EndReloadAssembly (1310ms)
			LoadAssemblies (92ms)
			RebuildTransferFunctionScriptingTraits (0ms)
			SetupTypeCache (494ms)
			ReleaseScriptCaches (1ms)
			RebuildScriptCaches (71ms)
			SetupLoadedEditorAssemblies (462ms)
				LogAssemblyErrors (0ms)
				InitializePlatformSupportModulesInManaged (4ms)
				SetLoadedEditorAssemblies (1ms)
				RefreshPlugins (1ms)
				BeforeProcessingInitializeOnLoad (126ms)
				ProcessInitializeOnLoadAttributes (317ms)
				ProcessInitializeOnLoadMethodAttributes (10ms)
				AfterProcessingInitializeOnLoad (3ms)
				EditorAssembliesLoaded (0ms)
			ExecutionOrderSort2 (0ms)
			AwakeInstancesAfterBackupRestoration (7ms)
Platform modules already initialized, skipping
Switching build target platform(2) subTarget(0) extendedPlatform(0) -> platform(13) subTarget(524294) extendedPlatform(0)
Refreshing native plugins compatible for Editor in 0.71 ms, found 4 plugins.
Preloading 1 native plugins for Editor in 0.55 ms.
Unloading 2318 Unused Serialized files (Serialized files now loaded: 0)
System memory in use before: 217.9 MB.
System memory in use after: 218.2 MB.

Unloading 29 unused Assets to reduce memory usage. Loaded Objects now: 2863.
Total: 4.443726 ms (FindLiveObjects: 0.287790 ms CreateObjectMapping: 0.224687 ms MarkObjects: 3.906124 ms  DeleteObjects: 0.024309 ms)

AssetImportParameters requested are different than current active one (requested -> active):
  custom:video-decoder-ogg-theora: a1e56fd34408186e4bbccfd4996cb3dc -> 
  custom:container-muxer-webm: aa71ff27fc2769a1b78a27578f13a17b -> 
  custom:container-demuxer-webm: 4f35f7cbe854078d1ac9338744f61a02 -> 
  custom:container-demuxer-ogg: 62fdf1f143b41e24485cea50d1cbac27 -> 
  custom:video-encoder-webm-vp8: eb34c28f22e8b96e1ab97ce403110664 -> 
  custom:framework-osx-AVFoundation: b23960f63f64bdc6ff669e2cdcee2391 -> 
  custom:video-decoder-webm-vp8: 9c59270c3fd7afecdb556c50c9e8de78 -> 
  custom:graphics/normal-map-encoding: 01000000000000000000000000000000 -> 02000000000000000000000000000000
  custom:audio-decoder-ogg-vorbis: bf7c407c2cedff20999df2af8eb42d56 -> 
  custom:audio-encoder-webm-vorbis: bf7c407c2cedff20999df2af8eb42d56 -> 
========================================================================
Received Import Request.
  Time since last request: 297.996449 seconds.
  path: Assets/Resources/CustomPlayer.prefab
  artifactKey: Guid(2158a91ed2c044caeb197c8e624613f0) Importer(815301076,1909f56bfc062723c751e8b465ee728b)
Start importing Assets/Resources/CustomPlayer.prefab using Guid(2158a91ed2c044caeb197c8e624613f0) Importer(815301076,1909f56bfc062723c751e8b465ee728b)  -> (artifact id: '037c67ace6af329d55ec2d92756305c4') in 0.355272 seconds 
========================================================================
Received Import Request.
  Time since last request: 5.817876 seconds.
  path: Assets/Resources/CustomPlayer.prefab
  artifactKey: Guid(2158a91ed2c044caeb197c8e624613f0) Importer(815301076,1909f56bfc062723c751e8b465ee728b)
Start importing Assets/Resources/CustomPlayer.prefab using Guid(2158a91ed2c044caeb197c8e624613f0) Importer(815301076,1909f56bfc062723c751e8b465ee728b)  -> (artifact id: '1d3c08957a0b3ac50b4435233feeaebe') in 0.030379 seconds 
========================================================================
Received Import Request.
  Time since last request: 13.623408 seconds.
  path: Assets/Resources/CustomPlayer.prefab
  artifactKey: Guid(2158a91ed2c044caeb197c8e624613f0) Importer(815301076,1909f56bfc062723c751e8b465ee728b)
Start importing Assets/Resources/CustomPlayer.prefab using Guid(2158a91ed2c044caeb197c8e624613f0) Importer(815301076,1909f56bfc062723c751e8b465ee728b)  -> (artifact id: '788fb3b14ce99c8feea421aee8655787') in 0.027413 seconds 
========================================================================
Received Import Request.
  Time since last request: 17.578557 seconds.
  path: Assets/Resources/CustomPlayer.prefab
  artifactKey: Guid(2158a91ed2c044caeb197c8e624613f0) Importer(815301076,1909f56bfc062723c751e8b465ee728b)
Start importing Assets/Resources/CustomPlayer.prefab using Guid(2158a91ed2c044caeb197c8e624613f0) Importer(815301076,1909f56bfc062723c751e8b465ee728b)  -> (artifact id: '50d6785f2b299ceb1b9267059a59c61d') in 0.030236 seconds 
========================================================================
Received Import Request.
  Time since last request: 15.590133 seconds.
  path: Assets/Resources/CustomPlayer.prefab
  artifactKey: Guid(2158a91ed2c044caeb197c8e624613f0) Importer(815301076,1909f56bfc062723c751e8b465ee728b)
Start importing Assets/Resources/CustomPlayer.prefab using Guid(2158a91ed2c044caeb197c8e624613f0) Importer(815301076,1909f56bfc062723c751e8b465ee728b)  -> (artifact id: '2404f82cedccf668b15d20198b9a3787') in 0.029866 seconds 
========================================================================
Received Import Request.
  Time since last request: 3.229405 seconds.
  path: Assets/Resources/CustomPlayer.prefab
  artifactKey: Guid(2158a91ed2c044caeb197c8e624613f0) Importer(815301076,1909f56bfc062723c751e8b465ee728b)
Start importing Assets/Resources/CustomPlayer.prefab using Guid(2158a91ed2c044caeb197c8e624613f0) Importer(815301076,1909f56bfc062723c751e8b465ee728b)  -> (artifact id: 'd7d30b8670fce65223c19d1e20596bed') in 0.029687 seconds 
========================================================================
Received Import Request.
  Time since last request: 4.823862 seconds.
  path: Assets/Resources/CustomPlayer.prefab
  artifactKey: Guid(2158a91ed2c044caeb197c8e624613f0) Importer(815301076,1909f56bfc062723c751e8b465ee728b)
Start importing Assets/Resources/CustomPlayer.prefab using Guid(2158a91ed2c044caeb197c8e624613f0) Importer(815301076,1909f56bfc062723c751e8b465ee728b)  -> (artifact id: '21921db5326643487caadb57d11a85e5') in 0.027798 seconds 
========================================================================
Received Import Request.
  Time since last request: 22.013983 seconds.
  path: Assets/Resources/CustomPlayer.prefab
  artifactKey: Guid(2158a91ed2c044caeb197c8e624613f0) Importer(815301076,1909f56bfc062723c751e8b465ee728b)
Start importing Assets/Resources/CustomPlayer.prefab using Guid(2158a91ed2c044caeb197c8e624613f0) Importer(815301076,1909f56bfc062723c751e8b465ee728b)  -> (artifact id: '6ec5c166587bb705fd6f0344ad6a2dd8') in 0.028177 seconds 
========================================================================
Received Import Request.
  Time since last request: 25.881103 seconds.
  path: Assets/Resources/CustomPlayer.prefab
  artifactKey: Guid(2158a91ed2c044caeb197c8e624613f0) Importer(815301076,1909f56bfc062723c751e8b465ee728b)
Start importing Assets/Resources/CustomPlayer.prefab using Guid(2158a91ed2c044caeb197c8e624613f0) Importer(815301076,1909f56bfc062723c751e8b465ee728b)  -> (artifact id: '630662ce123825eeaf0c835042c0bcd6') in 0.028534 seconds 
========================================================================
Received Prepare
Registering precompiled user dll's ...
Registered in 0.003780 seconds.
Begin MonoManager ReloadAssembly
Native extension for OSXStandalone target not found
Refreshing native plugins compatible for Editor in 0.77 ms, found 4 plugins.
Preloading 1 native plugins for Editor in 0.50 ms.
Mono: successfully reloaded assembly
- Completed reload, in  1.547 seconds
Domain Reload Profiling:
	ReloadAssembly (1547ms)
		BeginReloadAssembly (155ms)
			ExecutionOrderSort (0ms)
			DisableScriptedObjects (6ms)
			BackupInstance (0ms)
			ReleaseScriptingObjects (0ms)
			CreateAndSetChildDomain (82ms)
		EndReloadAssembly (1312ms)
			LoadAssemblies (90ms)
			RebuildTransferFunctionScriptingTraits (0ms)
			SetupTypeCache (485ms)
			ReleaseScriptCaches (1ms)
			RebuildScriptCaches (73ms)
			SetupLoadedEditorAssemblies (479ms)
				LogAssemblyErrors (0ms)
				InitializePlatformSupportModulesInManaged (4ms)
				SetLoadedEditorAssemblies (1ms)
				RefreshPlugins (1ms)
				BeforeProcessingInitializeOnLoad (117ms)
				ProcessInitializeOnLoadAttributes (343ms)
				ProcessInitializeOnLoadMethodAttributes (12ms)
				AfterProcessingInitializeOnLoad (1ms)
				EditorAssembliesLoaded (0ms)
			ExecutionOrderSort2 (0ms)
			AwakeInstancesAfterBackupRestoration (8ms)
Platform modules already initialized, skipping
Switching build target platform(2) subTarget(0) extendedPlatform(0) -> platform(13) subTarget(524294) extendedPlatform(0)
Refreshing native plugins compatible for Editor in 0.82 ms, found 4 plugins.
Preloading 1 native plugins for Editor in 0.55 ms.
Unloading 2318 Unused Serialized files (Serialized files now loaded: 0)
System memory in use before: 222.7 MB.
System memory in use after: 222.9 MB.

Unloading 28 unused Assets to reduce memory usage. Loaded Objects now: 2872.
Total: 4.689671 ms (FindLiveObjects: 0.359244 ms CreateObjectMapping: 0.303451 ms MarkObjects: 3.995926 ms  DeleteObjects: 0.030156 ms)

AssetImportParameters requested are different than current active one (requested -> active):
  custom:video-decoder-ogg-theora: a1e56fd34408186e4bbccfd4996cb3dc -> 
  custom:container-muxer-webm: aa71ff27fc2769a1b78a27578f13a17b -> 
  custom:container-demuxer-webm: 4f35f7cbe854078d1ac9338744f61a02 -> 
  custom:container-demuxer-ogg: 62fdf1f143b41e24485cea50d1cbac27 -> 
  custom:video-encoder-webm-vp8: eb34c28f22e8b96e1ab97ce403110664 -> 
  custom:framework-osx-AVFoundation: b23960f63f64bdc6ff669e2cdcee2391 -> 
  custom:video-decoder-webm-vp8: 9c59270c3fd7afecdb556c50c9e8de78 -> 
  custom:graphics/normal-map-encoding: 01000000000000000000000000000000 -> 02000000000000000000000000000000
  custom:audio-decoder-ogg-vorbis: bf7c407c2cedff20999df2af8eb42d56 -> 
  custom:audio-encoder-webm-vorbis: bf7c407c2cedff20999df2af8eb42d56 -> 
========================================================================
Received Import Request.
  Time since last request: 162.476817 seconds.
  path: Assets/Resources/CustomPlayer.prefab
  artifactKey: Guid(2158a91ed2c044caeb197c8e624613f0) Importer(815301076,1909f56bfc062723c751e8b465ee728b)
Start importing Assets/Resources/CustomPlayer.prefab using Guid(2158a91ed2c044caeb197c8e624613f0) Importer(815301076,1909f56bfc062723c751e8b465ee728b)  -> (artifact id: '8aa646a3ac7f2b3e51749e3c3cc73b22') in 0.177517 seconds 
========================================================================
Received Import Request.
  Time since last request: 0.000274 seconds.
  path: Assets/Resources/CustomPlayer.prefab
  artifactKey: Guid(2158a91ed2c044caeb197c8e624613f0) Importer(815301076,1909f56bfc062723c751e8b465ee728b)
Start importing Assets/Resources/CustomPlayer.prefab using Guid(2158a91ed2c044caeb197c8e624613f0) Importer(815301076,1909f56bfc062723c751e8b465ee728b)  -> (artifact id: '47e53734a5c9d6df2d9cee9d142f9456') in 0.034136 seconds 
========================================================================
Received Import Request.
  Time since last request: 23.376981 seconds.
  path: Assets/Resources/CustomPlayer.prefab
  artifactKey: Guid(2158a91ed2c044caeb197c8e624613f0) Importer(815301076,1909f56bfc062723c751e8b465ee728b)
Start importing Assets/Resources/CustomPlayer.prefab using Guid(2158a91ed2c044caeb197c8e624613f0) Importer(815301076,1909f56bfc062723c751e8b465ee728b)  -> (artifact id: 'fd8562f10fe3b9a8a7f28506dcf68683') in 0.033997 seconds 
========================================================================
Received Import Request.
  Time since last request: 3.011295 seconds.
  path: Assets/Resources/CustomPlayer.prefab
  artifactKey: Guid(2158a91ed2c044caeb197c8e624613f0) Importer(815301076,1909f56bfc062723c751e8b465ee728b)
Start importing Assets/Resources/CustomPlayer.prefab using Guid(2158a91ed2c044caeb197c8e624613f0) Importer(815301076,1909f56bfc062723c751e8b465ee728b)  -> (artifact id: '8d16a1eeffa8aaca79fe1bbb8d5b459f') in 0.036804 seconds 
========================================================================
Received Prepare
Registering precompiled user dll's ...
Registered in 0.003826 seconds.
Begin MonoManager ReloadAssembly
Native extension for OSXStandalone target not found
Refreshing native plugins compatible for Editor in 0.80 ms, found 4 plugins.
Preloading 1 native plugins for Editor in 0.52 ms.
Mono: successfully reloaded assembly
- Completed reload, in  1.547 seconds
Domain Reload Profiling:
	ReloadAssembly (1547ms)
		BeginReloadAssembly (161ms)
			ExecutionOrderSort (0ms)
			DisableScriptedObjects (6ms)
			BackupInstance (0ms)
			ReleaseScriptingObjects (0ms)
			CreateAndSetChildDomain (84ms)
		EndReloadAssembly (1303ms)
			LoadAssemblies (94ms)
			RebuildTransferFunctionScriptingTraits (0ms)
			SetupTypeCache (470ms)
			ReleaseScriptCaches (1ms)
			RebuildScriptCaches (68ms)
			SetupLoadedEditorAssemblies (485ms)
				LogAssemblyErrors (0ms)
				InitializePlatformSupportModulesInManaged (4ms)
				SetLoadedEditorAssemblies (1ms)
				RefreshPlugins (1ms)
				BeforeProcessingInitializeOnLoad (132ms)
				ProcessInitializeOnLoadAttributes (334ms)
				ProcessInitializeOnLoadMethodAttributes (11ms)
				AfterProcessingInitializeOnLoad (1ms)
				EditorAssembliesLoaded (0ms)
			ExecutionOrderSort2 (0ms)
			AwakeInstancesAfterBackupRestoration (7ms)
Platform modules already initialized, skipping
Switching build target platform(2) subTarget(0) extendedPlatform(0) -> platform(13) subTarget(524294) extendedPlatform(0)
Refreshing native plugins compatible for Editor in 0.77 ms, found 4 plugins.
Preloading 1 native plugins for Editor in 0.51 ms.
Unloading 2318 Unused Serialized files (Serialized files now loaded: 0)
System memory in use before: 223.0 MB.
System memory in use after: 223.2 MB.

Unloading 28 unused Assets to reduce memory usage. Loaded Objects now: 2876.
Total: 4.470019 ms (FindLiveObjects: 0.271695 ms CreateObjectMapping: 0.217930 ms MarkObjects: 3.952652 ms  DeleteObjects: 0.026701 ms)

AssetImportParameters requested are different than current active one (requested -> active):
  custom:video-decoder-ogg-theora: a1e56fd34408186e4bbccfd4996cb3dc -> 
  custom:container-muxer-webm: aa71ff27fc2769a1b78a27578f13a17b -> 
  custom:container-demuxer-webm: 4f35f7cbe854078d1ac9338744f61a02 -> 
  custom:container-demuxer-ogg: 62fdf1f143b41e24485cea50d1cbac27 -> 
  custom:video-encoder-webm-vp8: eb34c28f22e8b96e1ab97ce403110664 -> 
  custom:framework-osx-AVFoundation: b23960f63f64bdc6ff669e2cdcee2391 -> 
  custom:video-decoder-webm-vp8: 9c59270c3fd7afecdb556c50c9e8de78 -> 
  custom:graphics/normal-map-encoding: 01000000000000000000000000000000 -> 02000000000000000000000000000000
  custom:audio-decoder-ogg-vorbis: bf7c407c2cedff20999df2af8eb42d56 -> 
  custom:audio-encoder-webm-vorbis: bf7c407c2cedff20999df2af8eb42d56 -> 
========================================================================
Received Import Request.
  Time since last request: 64.707528 seconds.
  path: Assets/Resources/CustomPlayer.prefab
  artifactKey: Guid(2158a91ed2c044caeb197c8e624613f0) Importer(815301076,1909f56bfc062723c751e8b465ee728b)
Start importing Assets/Resources/CustomPlayer.prefab using Guid(2158a91ed2c044caeb197c8e624613f0) Importer(815301076,1909f56bfc062723c751e8b465ee728b)  -> (artifact id: '0ca8dff4ff6303e83c59a85ecb6bb833') in 0.176986 seconds 
========================================================================
Received Import Request.
  Time since last request: 3.583844 seconds.
  path: Assets/Resources/CustomPlayer.prefab
  artifactKey: Guid(2158a91ed2c044caeb197c8e624613f0) Importer(815301076,1909f56bfc062723c751e8b465ee728b)
Start importing Assets/Resources/CustomPlayer.prefab using Guid(2158a91ed2c044caeb197c8e624613f0) Importer(815301076,1909f56bfc062723c751e8b465ee728b)  -> (artifact id: '9c19a5f6dbb299dda03a2811e4554cf9') in 0.029384 seconds 
========================================================================
Received Import Request.
  Time since last request: 31.390826 seconds.
  path: Assets/Resources/CustomPlayer.prefab
  artifactKey: Guid(2158a91ed2c044caeb197c8e624613f0) Importer(815301076,1909f56bfc062723c751e8b465ee728b)
Start importing Assets/Resources/CustomPlayer.prefab using Guid(2158a91ed2c044caeb197c8e624613f0) Importer(815301076,1909f56bfc062723c751e8b465ee728b)  -> (artifact id: '7dabf5b01fdc7a33f02d8cc72ce3580e') in 0.039019 seconds 
========================================================================
Received Import Request.
  Time since last request: 3.799152 seconds.
  path: Assets/Resources/CustomPlayer.prefab
  artifactKey: Guid(2158a91ed2c044caeb197c8e624613f0) Importer(815301076,1909f56bfc062723c751e8b465ee728b)
Start importing Assets/Resources/CustomPlayer.prefab using Guid(2158a91ed2c044caeb197c8e624613f0) Importer(815301076,1909f56bfc062723c751e8b465ee728b)  -> (artifact id: '026e8bb336c093f59d0ab812b79b7a7e') in 0.036724 seconds 
========================================================================
Received Import Request.
  Time since last request: 1.781593 seconds.
  path: Assets/Resources/CustomPlayer.prefab
  artifactKey: Guid(2158a91ed2c044caeb197c8e624613f0) Importer(815301076,1909f56bfc062723c751e8b465ee728b)
Start importing Assets/Resources/CustomPlayer.prefab using Guid(2158a91ed2c044caeb197c8e624613f0) Importer(815301076,1909f56bfc062723c751e8b465ee728b)  -> (artifact id: '58b178fafba81acd6e6d423563365f71') in 0.036057 seconds 
========================================================================
Received Import Request.
  Time since last request: 3.606841 seconds.
  path: Assets/Resources/CustomPlayer.prefab
  artifactKey: Guid(2158a91ed2c044caeb197c8e624613f0) Importer(815301076,1909f56bfc062723c751e8b465ee728b)
Start importing Assets/Resources/CustomPlayer.prefab using Guid(2158a91ed2c044caeb197c8e624613f0) Importer(815301076,1909f56bfc062723c751e8b465ee728b)  -> (artifact id: 'd08ec253d9cd57b7fab841f2d217a994') in 0.032514 seconds 
========================================================================
Received Import Request.
  Time since last request: 3.231794 seconds.
  path: Assets/Resources/CustomPlayer.prefab
  artifactKey: Guid(2158a91ed2c044caeb197c8e624613f0) Importer(815301076,1909f56bfc062723c751e8b465ee728b)
Start importing Assets/Resources/CustomPlayer.prefab using Guid(2158a91ed2c044caeb197c8e624613f0) Importer(815301076,1909f56bfc062723c751e8b465ee728b)  -> (artifact id: '9980e4081c19c1b8125b3c7578206cfc') in 0.033882 seconds 
========================================================================
Received Prepare
Registering precompiled user dll's ...
Registered in 0.003809 seconds.
Begin MonoManager ReloadAssembly
Native extension for OSXStandalone target not found
Refreshing native plugins compatible for Editor in 0.95 ms, found 4 plugins.
Preloading 1 native plugins for Editor in 0.61 ms.
Mono: successfully reloaded assembly
- Completed reload, in  1.514 seconds
Domain Reload Profiling:
	ReloadAssembly (1515ms)
		BeginReloadAssembly (155ms)
			ExecutionOrderSort (0ms)
			DisableScriptedObjects (6ms)
			BackupInstance (0ms)
			ReleaseScriptingObjects (0ms)
			CreateAndSetChildDomain (85ms)
		EndReloadAssembly (1279ms)
			LoadAssemblies (90ms)
			RebuildTransferFunctionScriptingTraits (0ms)
			SetupTypeCache (450ms)
			ReleaseScriptCaches (1ms)
			RebuildScriptCaches (64ms)
			SetupLoadedEditorAssemblies (484ms)
				LogAssemblyErrors (0ms)
				InitializePlatformSupportModulesInManaged (4ms)
				SetLoadedEditorAssemblies (1ms)
				RefreshPlugins (2ms)
				BeforeProcessingInitializeOnLoad (130ms)
				ProcessInitializeOnLoadAttributes (335ms)
				ProcessInitializeOnLoadMethodAttributes (11ms)
				AfterProcessingInitializeOnLoad (1ms)
				EditorAssembliesLoaded (0ms)
			ExecutionOrderSort2 (0ms)
			AwakeInstancesAfterBackupRestoration (7ms)
Platform modules already initialized, skipping
Switching build target platform(2) subTarget(0) extendedPlatform(0) -> platform(13) subTarget(524294) extendedPlatform(0)
Refreshing native plugins compatible for Editor in 0.75 ms, found 4 plugins.
Preloading 1 native plugins for Editor in 0.50 ms.
Unloading 2318 Unused Serialized files (Serialized files now loaded: 0)
System memory in use before: 223.2 MB.
System memory in use after: 223.5 MB.

Unloading 28 unused Assets to reduce memory usage. Loaded Objects now: 2880.
Total: 4.163731 ms (FindLiveObjects: 0.277722 ms CreateObjectMapping: 0.228621 ms MarkObjects: 3.627175 ms  DeleteObjects: 0.029295 ms)

AssetImportParameters requested are different than current active one (requested -> active):
  custom:video-decoder-ogg-theora: a1e56fd34408186e4bbccfd4996cb3dc -> 
  custom:container-muxer-webm: aa71ff27fc2769a1b78a27578f13a17b -> 
  custom:container-demuxer-webm: 4f35f7cbe854078d1ac9338744f61a02 -> 
  custom:container-demuxer-ogg: 62fdf1f143b41e24485cea50d1cbac27 -> 
  custom:video-encoder-webm-vp8: eb34c28f22e8b96e1ab97ce403110664 -> 
  custom:framework-osx-AVFoundation: b23960f63f64bdc6ff669e2cdcee2391 -> 
  custom:video-decoder-webm-vp8: 9c59270c3fd7afecdb556c50c9e8de78 -> 
  custom:graphics/normal-map-encoding: 01000000000000000000000000000000 -> 02000000000000000000000000000000
  custom:audio-decoder-ogg-vorbis: bf7c407c2cedff20999df2af8eb42d56 -> 
  custom:audio-encoder-webm-vorbis: bf7c407c2cedff20999df2af8eb42d56 -> 
========================================================================
Received Prepare
Registering precompiled user dll's ...
Registered in 0.004455 seconds.
Begin MonoManager ReloadAssembly
Native extension for OSXStandalone target not found
Refreshing native plugins compatible for Editor in 0.83 ms, found 4 plugins.
Preloading 1 native plugins for Editor in 0.52 ms.
Mono: successfully reloaded assembly
- Completed reload, in  1.561 seconds
Domain Reload Profiling:
	ReloadAssembly (1562ms)
		BeginReloadAssembly (150ms)
			ExecutionOrderSort (0ms)
			DisableScriptedObjects (6ms)
			BackupInstance (0ms)
			ReleaseScriptingObjects (0ms)
			CreateAndSetChildDomain (80ms)
		EndReloadAssembly (1330ms)
			LoadAssemblies (90ms)
			RebuildTransferFunctionScriptingTraits (0ms)
			SetupTypeCache (492ms)
			ReleaseScriptCaches (1ms)
			RebuildScriptCaches (70ms)
			SetupLoadedEditorAssemblies (488ms)
				LogAssemblyErrors (0ms)
				InitializePlatformSupportModulesInManaged (4ms)
				SetLoadedEditorAssemblies (1ms)
				RefreshPlugins (1ms)
				BeforeProcessingInitializeOnLoad (137ms)
				ProcessInitializeOnLoadAttributes (332ms)
				ProcessInitializeOnLoadMethodAttributes (11ms)
				AfterProcessingInitializeOnLoad (2ms)
				EditorAssembliesLoaded (0ms)
			ExecutionOrderSort2 (0ms)
			AwakeInstancesAfterBackupRestoration (7ms)
Platform modules already initialized, skipping
Switching build target platform(2) subTarget(0) extendedPlatform(0) -> platform(13) subTarget(524294) extendedPlatform(0)
Refreshing native plugins compatible for Editor in 0.74 ms, found 4 plugins.
Preloading 1 native plugins for Editor in 0.50 ms.
Unloading 2318 Unused Serialized files (Serialized files now loaded: 0)
System memory in use before: 223.3 MB.
System memory in use after: 223.6 MB.

Unloading 28 unused Assets to reduce memory usage. Loaded Objects now: 2883.
Total: 4.134450 ms (FindLiveObjects: 0.264812 ms CreateObjectMapping: 0.237330 ms MarkObjects: 3.606119 ms  DeleteObjects: 0.025489 ms)

AssetImportParameters requested are different than current active one (requested -> active):
  custom:video-decoder-ogg-theora: a1e56fd34408186e4bbccfd4996cb3dc -> 
  custom:container-muxer-webm: aa71ff27fc2769a1b78a27578f13a17b -> 
  custom:container-demuxer-webm: 4f35f7cbe854078d1ac9338744f61a02 -> 
  custom:container-demuxer-ogg: 62fdf1f143b41e24485cea50d1cbac27 -> 
  custom:video-encoder-webm-vp8: eb34c28f22e8b96e1ab97ce403110664 -> 
  custom:framework-osx-AVFoundation: b23960f63f64bdc6ff669e2cdcee2391 -> 
  custom:video-decoder-webm-vp8: 9c59270c3fd7afecdb556c50c9e8de78 -> 
  custom:graphics/normal-map-encoding: 01000000000000000000000000000000 -> 02000000000000000000000000000000
  custom:audio-decoder-ogg-vorbis: bf7c407c2cedff20999df2af8eb42d56 -> 
  custom:audio-encoder-webm-vorbis: bf7c407c2cedff20999df2af8eb42d56 -> 
========================================================================
Received Prepare
Registering precompiled user dll's ...
Registered in 0.003964 seconds.
Begin MonoManager ReloadAssembly
Native extension for OSXStandalone target not found
Refreshing native plugins compatible for Editor in 1.21 ms, found 4 plugins.
Preloading 1 native plugins for Editor in 0.59 ms.
Mono: successfully reloaded assembly
- Completed reload, in  1.596 seconds
Domain Reload Profiling:
	ReloadAssembly (1597ms)
		BeginReloadAssembly (150ms)
			ExecutionOrderSort (0ms)
			DisableScriptedObjects (6ms)
			BackupInstance (0ms)
			ReleaseScriptingObjects (0ms)
			CreateAndSetChildDomain (76ms)
		EndReloadAssembly (1364ms)
			LoadAssemblies (95ms)
			RebuildTransferFunctionScriptingTraits (0ms)
			SetupTypeCache (499ms)
			ReleaseScriptCaches (1ms)
			RebuildScriptCaches (70ms)
			SetupLoadedEditorAssemblies (505ms)
				LogAssemblyErrors (0ms)
				InitializePlatformSupportModulesInManaged (5ms)
				SetLoadedEditorAssemblies (1ms)
				RefreshPlugins (2ms)
				BeforeProcessingInitializeOnLoad (135ms)
				ProcessInitializeOnLoadAttributes (349ms)
				ProcessInitializeOnLoadMethodAttributes (12ms)
				AfterProcessingInitializeOnLoad (2ms)
				EditorAssembliesLoaded (0ms)
			ExecutionOrderSort2 (0ms)
			AwakeInstancesAfterBackupRestoration (7ms)
Platform modules already initialized, skipping
Switching build target platform(2) subTarget(0) extendedPlatform(0) -> platform(13) subTarget(524294) extendedPlatform(0)
Refreshing native plugins compatible for Editor in 0.70 ms, found 4 plugins.
Preloading 1 native plugins for Editor in 0.52 ms.
Unloading 2318 Unused Serialized files (Serialized files now loaded: 0)
System memory in use before: 223.6 MB.
System memory in use after: 223.9 MB.

Unloading 28 unused Assets to reduce memory usage. Loaded Objects now: 2886.
Total: 4.180938 ms (FindLiveObjects: 0.413515 ms CreateObjectMapping: 0.213795 ms MarkObjects: 3.526050 ms  DeleteObjects: 0.026827 ms)

AssetImportParameters requested are different than current active one (requested -> active):
  custom:video-decoder-ogg-theora: a1e56fd34408186e4bbccfd4996cb3dc -> 
  custom:container-muxer-webm: aa71ff27fc2769a1b78a27578f13a17b -> 
  custom:container-demuxer-webm: 4f35f7cbe854078d1ac9338744f61a02 -> 
  custom:container-demuxer-ogg: 62fdf1f143b41e24485cea50d1cbac27 -> 
  custom:video-encoder-webm-vp8: eb34c28f22e8b96e1ab97ce403110664 -> 
  custom:framework-osx-AVFoundation: b23960f63f64bdc6ff669e2cdcee2391 -> 
  custom:video-decoder-webm-vp8: 9c59270c3fd7afecdb556c50c9e8de78 -> 
  custom:graphics/normal-map-encoding: 01000000000000000000000000000000 -> 02000000000000000000000000000000
  custom:audio-decoder-ogg-vorbis: bf7c407c2cedff20999df2af8eb42d56 -> 
  custom:audio-encoder-webm-vorbis: bf7c407c2cedff20999df2af8eb42d56 -> 
========================================================================
Received Import Request.
  Time since last request: 502.525358 seconds.
  path: Assets/Resources/CustomPlayer.prefab
  artifactKey: Guid(2158a91ed2c044caeb197c8e624613f0) Importer(815301076,1909f56bfc062723c751e8b465ee728b)
Start importing Assets/Resources/CustomPlayer.prefab using Guid(2158a91ed2c044caeb197c8e624613f0) Importer(815301076,1909f56bfc062723c751e8b465ee728b)  -> (artifact id: '6746ec6942a05a71aa9d8c052801fb74') in 0.156739 seconds 
========================================================================
Received Import Request.
  Time since last request: 148.471288 seconds.
  path: Assets/Resources/CustomPlayer.prefab
  artifactKey: Guid(2158a91ed2c044caeb197c8e624613f0) Importer(815301076,1909f56bfc062723c751e8b465ee728b)
Start importing Assets/Resources/CustomPlayer.prefab using Guid(2158a91ed2c044caeb197c8e624613f0) Importer(815301076,1909f56bfc062723c751e8b465ee728b)  -> (artifact id: '18b3f41595cba18fc7a5f6baf421760a') in 0.040019 seconds 
========================================================================
Received Import Request.
  Time since last request: 0.143786 seconds.
  path: Assets/Resources/CustomPlayer.prefab
  artifactKey: Guid(2158a91ed2c044caeb197c8e624613f0) Importer(815301076,1909f56bfc062723c751e8b465ee728b)
Start importing Assets/Resources/CustomPlayer.prefab using Guid(2158a91ed2c044caeb197c8e624613f0) Importer(815301076,1909f56bfc062723c751e8b465ee728b)  -> (artifact id: '48536af9ccf0056aff5065e2063ab260') in 0.030368 seconds 
========================================================================
Received Prepare
Registering precompiled user dll's ...
Registered in 0.003859 seconds.
Begin MonoManager ReloadAssembly
Native extension for OSXStandalone target not found
Refreshing native plugins compatible for Editor in 0.77 ms, found 4 plugins.
Preloading 1 native plugins for Editor in 0.57 ms.
Mono: successfully reloaded assembly
- Completed reload, in  1.548 seconds
Domain Reload Profiling:
	ReloadAssembly (1549ms)
		BeginReloadAssembly (154ms)
			ExecutionOrderSort (0ms)
			DisableScriptedObjects (6ms)
			BackupInstance (0ms)
			ReleaseScriptingObjects (0ms)
			CreateAndSetChildDomain (80ms)
		EndReloadAssembly (1311ms)
			LoadAssemblies (92ms)
			RebuildTransferFunctionScriptingTraits (0ms)
			SetupTypeCache (460ms)
			ReleaseScriptCaches (1ms)
			RebuildScriptCaches (70ms)
			SetupLoadedEditorAssemblies (493ms)
				LogAssemblyErrors (0ms)
				InitializePlatformSupportModulesInManaged (4ms)
				SetLoadedEditorAssemblies (1ms)
				RefreshPlugins (1ms)
				BeforeProcessingInitializeOnLoad (132ms)
				ProcessInitializeOnLoadAttributes (342ms)
				ProcessInitializeOnLoadMethodAttributes (11ms)
				AfterProcessingInitializeOnLoad (1ms)
				EditorAssembliesLoaded (0ms)
			ExecutionOrderSort2 (0ms)
			AwakeInstancesAfterBackupRestoration (7ms)
Platform modules already initialized, skipping
Switching build target platform(2) subTarget(0) extendedPlatform(0) -> platform(13) subTarget(524294) extendedPlatform(0)
Refreshing native plugins compatible for Editor in 0.64 ms, found 4 plugins.
Preloading 1 native plugins for Editor in 0.51 ms.
Unloading 2318 Unused Serialized files (Serialized files now loaded: 0)
System memory in use before: 223.9 MB.
System memory in use after: 224.1 MB.

Unloading 28 unused Assets to reduce memory usage. Loaded Objects now: 2890.
Total: 4.026097 ms (FindLiveObjects: 0.203383 ms CreateObjectMapping: 0.103409 ms MarkObjects: 3.676756 ms  DeleteObjects: 0.041499 ms)

AssetImportParameters requested are different than current active one (requested -> active):
  custom:video-decoder-ogg-theora: a1e56fd34408186e4bbccfd4996cb3dc -> 
  custom:container-muxer-webm: aa71ff27fc2769a1b78a27578f13a17b -> 
  custom:container-demuxer-webm: 4f35f7cbe854078d1ac9338744f61a02 -> 
  custom:container-demuxer-ogg: 62fdf1f143b41e24485cea50d1cbac27 -> 
  custom:video-encoder-webm-vp8: eb34c28f22e8b96e1ab97ce403110664 -> 
  custom:framework-osx-AVFoundation: b23960f63f64bdc6ff669e2cdcee2391 -> 
  custom:video-decoder-webm-vp8: 9c59270c3fd7afecdb556c50c9e8de78 -> 
  custom:graphics/normal-map-encoding: 01000000000000000000000000000000 -> 02000000000000000000000000000000
  custom:audio-decoder-ogg-vorbis: bf7c407c2cedff20999df2af8eb42d56 -> 
  custom:audio-encoder-webm-vorbis: bf7c407c2cedff20999df2af8eb42d56 -> 
========================================================================
Received Import Request.
  Time since last request: 150.675556 seconds.
  path: Assets/Resources/CustomPlayer.prefab
  artifactKey: Guid(2158a91ed2c044caeb197c8e624613f0) Importer(815301076,1909f56bfc062723c751e8b465ee728b)
Start importing Assets/Resources/CustomPlayer.prefab using Guid(2158a91ed2c044caeb197c8e624613f0) Importer(815301076,1909f56bfc062723c751e8b465ee728b)  -> (artifact id: '14611808366988730ccfa80fc18f8796') in 0.152221 seconds 
========================================================================
Received Import Request.
  Time since last request: 25.289616 seconds.
  path: Assets/Resources/CustomPlayer.prefab
  artifactKey: Guid(2158a91ed2c044caeb197c8e624613f0) Importer(815301076,1909f56bfc062723c751e8b465ee728b)
Start importing Assets/Resources/CustomPlayer.prefab using Guid(2158a91ed2c044caeb197c8e624613f0) Importer(815301076,1909f56bfc062723c751e8b465ee728b)  -> (artifact id: '9ecf948e8cca195fcafd5432730c363d') in 0.042209 seconds 
========================================================================
Received Import Request.
  Time since last request: 3.188539 seconds.
  path: Assets/Resources/CustomPlayer.prefab
  artifactKey: Guid(2158a91ed2c044caeb197c8e624613f0) Importer(815301076,1909f56bfc062723c751e8b465ee728b)
Start importing Assets/Resources/CustomPlayer.prefab using Guid(2158a91ed2c044caeb197c8e624613f0) Importer(815301076,1909f56bfc062723c751e8b465ee728b)  -> (artifact id: 'd40bb54d408210b366b925c8bc085b35') in 0.041308 seconds 
========================================================================
Received Import Request.
  Time since last request: 3.054783 seconds.
  path: Assets/Resources/CustomPlayer.prefab
  artifactKey: Guid(2158a91ed2c044caeb197c8e624613f0) Importer(815301076,1909f56bfc062723c751e8b465ee728b)
Start importing Assets/Resources/CustomPlayer.prefab using Guid(2158a91ed2c044caeb197c8e624613f0) Importer(815301076,1909f56bfc062723c751e8b465ee728b)  -> (artifact id: '2d9452320f06fbc8ae0d414f329c5c56') in 0.029119 seconds 
========================================================================
Received Import Request.
  Time since last request: 5.019307 seconds.
  path: Assets/Resources/CustomPlayer.prefab
  artifactKey: Guid(2158a91ed2c044caeb197c8e624613f0) Importer(815301076,1909f56bfc062723c751e8b465ee728b)
Start importing Assets/Resources/CustomPlayer.prefab using Guid(2158a91ed2c044caeb197c8e624613f0) Importer(815301076,1909f56bfc062723c751e8b465ee728b)  -> (artifact id: '170b7bbea2d0debc178469327dae09a0') in 0.034880 seconds 
========================================================================
Received Import Request.
  Time since last request: 4.618776 seconds.
  path: Assets/Resources/CustomPlayer.prefab
  artifactKey: Guid(2158a91ed2c044caeb197c8e624613f0) Importer(815301076,1909f56bfc062723c751e8b465ee728b)
Start importing Assets/Resources/CustomPlayer.prefab using Guid(2158a91ed2c044caeb197c8e624613f0) Importer(815301076,1909f56bfc062723c751e8b465ee728b)  -> (artifact id: '2e9337cabac96cd4e6f8e30a1e2a500b') in 0.027799 seconds 
========================================================================
Received Import Request.
  Time since last request: 16.303301 seconds.
  path: Assets/Resources/CustomPlayer.prefab
  artifactKey: Guid(2158a91ed2c044caeb197c8e624613f0) Importer(815301076,1909f56bfc062723c751e8b465ee728b)
Start importing Assets/Resources/CustomPlayer.prefab using Guid(2158a91ed2c044caeb197c8e624613f0) Importer(815301076,1909f56bfc062723c751e8b465ee728b)  -> (artifact id: '44a24b95ab3ae673cfe78ac6a18d1cba') in 0.028852 seconds 
========================================================================
Received Import Request.
  Time since last request: 45.501251 seconds.
  path: Assets/Resources/CustomPlayer.prefab
  artifactKey: Guid(2158a91ed2c044caeb197c8e624613f0) Importer(815301076,1909f56bfc062723c751e8b465ee728b)
Start importing Assets/Resources/CustomPlayer.prefab using Guid(2158a91ed2c044caeb197c8e624613f0) Importer(815301076,1909f56bfc062723c751e8b465ee728b)  -> (artifact id: '095cbf78003dcbee6c266909c41ab28b') in 0.029016 seconds 
========================================================================
Received Import Request.
  Time since last request: 6.465760 seconds.
  path: Assets/Resources/CustomPlayer.prefab
  artifactKey: Guid(2158a91ed2c044caeb197c8e624613f0) Importer(815301076,1909f56bfc062723c751e8b465ee728b)
Start importing Assets/Resources/CustomPlayer.prefab using Guid(2158a91ed2c044caeb197c8e624613f0) Importer(815301076,1909f56bfc062723c751e8b465ee728b)  -> (artifact id: '8d3ddcf14f1fc393f757b9fc9817113a') in 0.041811 seconds 
========================================================================
Received Import Request.
  Time since last request: 11.900627 seconds.
  path: Assets/Resources/CustomPlayer.prefab
  artifactKey: Guid(2158a91ed2c044caeb197c8e624613f0) Importer(815301076,1909f56bfc062723c751e8b465ee728b)
Start importing Assets/Resources/CustomPlayer.prefab using Guid(2158a91ed2c044caeb197c8e624613f0) Importer(815301076,1909f56bfc062723c751e8b465ee728b)  -> (artifact id: '0f095d6761516b2c7cf0aaf18f71ed52') in 0.030291 seconds 
========================================================================
Received Import Request.
  Time since last request: 4.025963 seconds.
  path: Assets/Resources/CustomPlayer.prefab
  artifactKey: Guid(2158a91ed2c044caeb197c8e624613f0) Importer(815301076,1909f56bfc062723c751e8b465ee728b)
Start importing Assets/Resources/CustomPlayer.prefab using Guid(2158a91ed2c044caeb197c8e624613f0) Importer(815301076,1909f56bfc062723c751e8b465ee728b)  -> (artifact id: 'cdffffc8cea25051d873fecc8b809052') in 0.030902 seconds 
========================================================================
Received Import Request.
  Time since last request: 21.144083 seconds.
  path: Assets/Resources/CustomPlayer.prefab
  artifactKey: Guid(2158a91ed2c044caeb197c8e624613f0) Importer(815301076,1909f56bfc062723c751e8b465ee728b)
Start importing Assets/Resources/CustomPlayer.prefab using Guid(2158a91ed2c044caeb197c8e624613f0) Importer(815301076,1909f56bfc062723c751e8b465ee728b)  -> (artifact id: '7c828184fdd5917840e69223c0943560') in 0.029265 seconds 
========================================================================
Received Import Request.
  Time since last request: 10.901521 seconds.
  path: Assets/Resources/CustomPlayer.prefab
  artifactKey: Guid(2158a91ed2c044caeb197c8e624613f0) Importer(815301076,1909f56bfc062723c751e8b465ee728b)
Start importing Assets/Resources/CustomPlayer.prefab using Guid(2158a91ed2c044caeb197c8e624613f0) Importer(815301076,1909f56bfc062723c751e8b465ee728b)  -> (artifact id: '8a718bc84f3077064eb96ecb0d8465ae') in 0.036117 seconds 
========================================================================
Received Import Request.
  Time since last request: 26.108055 seconds.
  path: Assets/Resources/CustomPlayer.prefab
  artifactKey: Guid(2158a91ed2c044caeb197c8e624613f0) Importer(815301076,1909f56bfc062723c751e8b465ee728b)
Start importing Assets/Resources/CustomPlayer.prefab using Guid(2158a91ed2c044caeb197c8e624613f0) Importer(815301076,1909f56bfc062723c751e8b465ee728b)  -> (artifact id: '56dd06851fc10eb2e0813edc45bead1c') in 0.035316 seconds 
========================================================================
Received Import Request.
  Time since last request: 23.471331 seconds.
  path: Assets/Resources/CustomPlayer.prefab
  artifactKey: Guid(2158a91ed2c044caeb197c8e624613f0) Importer(815301076,1909f56bfc062723c751e8b465ee728b)
Start importing Assets/Resources/CustomPlayer.prefab using Guid(2158a91ed2c044caeb197c8e624613f0) Importer(815301076,1909f56bfc062723c751e8b465ee728b)  -> (artifact id: 'a80d826271c2cc3d1314143386788d51') in 0.029951 seconds 
========================================================================
Received Import Request.
  Time since last request: 8.066428 seconds.
  path: Assets/Resources/CustomPlayer.prefab
  artifactKey: Guid(2158a91ed2c044caeb197c8e624613f0) Importer(815301076,1909f56bfc062723c751e8b465ee728b)
Start importing Assets/Resources/CustomPlayer.prefab using Guid(2158a91ed2c044caeb197c8e624613f0) Importer(815301076,1909f56bfc062723c751e8b465ee728b)  -> (artifact id: 'fca76a004d00ea6ca6ad70826e53904f') in 0.031992 seconds 
========================================================================
Received Import Request.
  Time since last request: 5.414320 seconds.
  path: Assets/Resources/CustomPlayer.prefab
  artifactKey: Guid(2158a91ed2c044caeb197c8e624613f0) Importer(815301076,1909f56bfc062723c751e8b465ee728b)
Start importing Assets/Resources/CustomPlayer.prefab using Guid(2158a91ed2c044caeb197c8e624613f0) Importer(815301076,1909f56bfc062723c751e8b465ee728b)  -> (artifact id: 'dd1d9d8612edc406da0325093f8e7f8e') in 0.031582 seconds 
========================================================================
Received Prepare
Registering precompiled user dll's ...
Registered in 0.003770 seconds.
Begin MonoManager ReloadAssembly
Native extension for OSXStandalone target not found
Refreshing native plugins compatible for Editor in 1.00 ms, found 4 plugins.
Preloading 1 native plugins for Editor in 0.57 ms.
Mono: successfully reloaded assembly
- Completed reload, in  1.527 seconds
Domain Reload Profiling:
	ReloadAssembly (1528ms)
		BeginReloadAssembly (151ms)
			ExecutionOrderSort (0ms)
			DisableScriptedObjects (7ms)
			BackupInstance (0ms)
			ReleaseScriptingObjects (0ms)
			CreateAndSetChildDomain (82ms)
		EndReloadAssembly (1293ms)
			LoadAssemblies (89ms)
			RebuildTransferFunctionScriptingTraits (0ms)
			SetupTypeCache (458ms)
			ReleaseScriptCaches (1ms)
			RebuildScriptCaches (64ms)
			SetupLoadedEditorAssemblies (488ms)
				LogAssemblyErrors (0ms)
				InitializePlatformSupportModulesInManaged (4ms)
				SetLoadedEditorAssemblies (1ms)
				RefreshPlugins (2ms)
				BeforeProcessingInitializeOnLoad (125ms)
				ProcessInitializeOnLoadAttributes (344ms)
				ProcessInitializeOnLoadMethodAttributes (11ms)
				AfterProcessingInitializeOnLoad (1ms)
				EditorAssembliesLoaded (0ms)
			ExecutionOrderSort2 (0ms)
			AwakeInstancesAfterBackupRestoration (7ms)
Platform modules already initialized, skipping
Switching build target platform(2) subTarget(0) extendedPlatform(0) -> platform(13) subTarget(524294) extendedPlatform(0)
Refreshing native plugins compatible for Editor in 0.79 ms, found 4 plugins.
Preloading 1 native plugins for Editor in 0.77 ms.
Unloading 2318 Unused Serialized files (Serialized files now loaded: 0)
System memory in use before: 224.2 MB.
System memory in use after: 224.4 MB.

Unloading 28 unused Assets to reduce memory usage. Loaded Objects now: 2894.
Total: 3.960710 ms (FindLiveObjects: 0.212239 ms CreateObjectMapping: 0.103493 ms MarkObjects: 3.616762 ms  DeleteObjects: 0.027316 ms)

AssetImportParameters requested are different than current active one (requested -> active):
  custom:video-decoder-ogg-theora: a1e56fd34408186e4bbccfd4996cb3dc -> 
  custom:container-muxer-webm: aa71ff27fc2769a1b78a27578f13a17b -> 
  custom:container-demuxer-webm: 4f35f7cbe854078d1ac9338744f61a02 -> 
  custom:container-demuxer-ogg: 62fdf1f143b41e24485cea50d1cbac27 -> 
  custom:video-encoder-webm-vp8: eb34c28f22e8b96e1ab97ce403110664 -> 
  custom:framework-osx-AVFoundation: b23960f63f64bdc6ff669e2cdcee2391 -> 
  custom:video-decoder-webm-vp8: 9c59270c3fd7afecdb556c50c9e8de78 -> 
  custom:graphics/normal-map-encoding: 01000000000000000000000000000000 -> 02000000000000000000000000000000
  custom:audio-decoder-ogg-vorbis: bf7c407c2cedff20999df2af8eb42d56 -> 
  custom:audio-encoder-webm-vorbis: bf7c407c2cedff20999df2af8eb42d56 -> 
========================================================================
Received Import Request.
  Time since last request: 83.521273 seconds.
  path: Assets/Resources/CustomPlayer.prefab
  artifactKey: Guid(2158a91ed2c044caeb197c8e624613f0) Importer(815301076,1909f56bfc062723c751e8b465ee728b)
Start importing Assets/Resources/CustomPlayer.prefab using Guid(2158a91ed2c044caeb197c8e624613f0) Importer(815301076,1909f56bfc062723c751e8b465ee728b)  -> (artifact id: 'd1dd9d20692ad9f4fecb0dd8995ae1de') in 0.144937 seconds 
========================================================================
Received Import Request.
  Time since last request: 1.798553 seconds.
  path: Assets/Resources/CustomPlayer.prefab
  artifactKey: Guid(2158a91ed2c044caeb197c8e624613f0) Importer(815301076,1909f56bfc062723c751e8b465ee728b)
Start importing Assets/Resources/CustomPlayer.prefab using Guid(2158a91ed2c044caeb197c8e624613f0) Importer(815301076,1909f56bfc062723c751e8b465ee728b)  -> (artifact id: '6abf1e337a03013ec6195e15aaeedba5') in 0.031050 seconds 
========================================================================
Received Import Request.
  Time since last request: 1.016896 seconds.
  path: Assets/Resources/CustomPlayer.prefab
  artifactKey: Guid(2158a91ed2c044caeb197c8e624613f0) Importer(815301076,1909f56bfc062723c751e8b465ee728b)
Start importing Assets/Resources/CustomPlayer.prefab using Guid(2158a91ed2c044caeb197c8e624613f0) Importer(815301076,1909f56bfc062723c751e8b465ee728b)  -> (artifact id: 'b13329ef089ebc4516ac888031341d91') in 0.032163 seconds 
========================================================================
Received Prepare
Registering precompiled user dll's ...
Registered in 0.003844 seconds.
Begin MonoManager ReloadAssembly
Native extension for OSXStandalone target not found
Refreshing native plugins compatible for Editor in 0.73 ms, found 4 plugins.
Preloading 1 native plugins for Editor in 0.49 ms.
Mono: successfully reloaded assembly
- Completed reload, in  1.568 seconds
Domain Reload Profiling:
	ReloadAssembly (1568ms)
		BeginReloadAssembly (164ms)
			ExecutionOrderSort (0ms)
			DisableScriptedObjects (6ms)
			BackupInstance (0ms)
			ReleaseScriptingObjects (0ms)
			CreateAndSetChildDomain (86ms)
		EndReloadAssembly (1316ms)
			LoadAssemblies (95ms)
			RebuildTransferFunctionScriptingTraits (0ms)
			SetupTypeCache (470ms)
			ReleaseScriptCaches (1ms)
			RebuildScriptCaches (70ms)
			SetupLoadedEditorAssemblies (483ms)
				LogAssemblyErrors (0ms)
				InitializePlatformSupportModulesInManaged (4ms)
				SetLoadedEditorAssemblies (1ms)
				RefreshPlugins (1ms)
				BeforeProcessingInitializeOnLoad (131ms)
				ProcessInitializeOnLoadAttributes (333ms)
				ProcessInitializeOnLoadMethodAttributes (12ms)
				AfterProcessingInitializeOnLoad (2ms)
				EditorAssembliesLoaded (0ms)
			ExecutionOrderSort2 (0ms)
			AwakeInstancesAfterBackupRestoration (8ms)
Platform modules already initialized, skipping
Switching build target platform(2) subTarget(0) extendedPlatform(0) -> platform(13) subTarget(524294) extendedPlatform(0)
Refreshing native plugins compatible for Editor in 0.73 ms, found 4 plugins.
Preloading 1 native plugins for Editor in 0.48 ms.
Unloading 2318 Unused Serialized files (Serialized files now loaded: 0)
System memory in use before: 224.4 MB.
System memory in use after: 224.7 MB.

Unloading 28 unused Assets to reduce memory usage. Loaded Objects now: 2898.
Total: 4.874153 ms (FindLiveObjects: 0.281314 ms CreateObjectMapping: 0.239583 ms MarkObjects: 4.324645 ms  DeleteObjects: 0.027837 ms)

AssetImportParameters requested are different than current active one (requested -> active):
  custom:video-decoder-ogg-theora: a1e56fd34408186e4bbccfd4996cb3dc -> 
  custom:container-muxer-webm: aa71ff27fc2769a1b78a27578f13a17b -> 
  custom:container-demuxer-webm: 4f35f7cbe854078d1ac9338744f61a02 -> 
  custom:container-demuxer-ogg: 62fdf1f143b41e24485cea50d1cbac27 -> 
  custom:video-encoder-webm-vp8: eb34c28f22e8b96e1ab97ce403110664 -> 
  custom:framework-osx-AVFoundation: b23960f63f64bdc6ff669e2cdcee2391 -> 
  custom:video-decoder-webm-vp8: 9c59270c3fd7afecdb556c50c9e8de78 -> 
  custom:graphics/normal-map-encoding: 01000000000000000000000000000000 -> 02000000000000000000000000000000
  custom:audio-decoder-ogg-vorbis: bf7c407c2cedff20999df2af8eb42d56 -> 
  custom:audio-encoder-webm-vorbis: bf7c407c2cedff20999df2af8eb42d56 -> 
========================================================================
Received Import Request.
  Time since last request: 84.229877 seconds.
  path: Assets/Resources/CustomPlayer.prefab
  artifactKey: Guid(2158a91ed2c044caeb197c8e624613f0) Importer(815301076,1909f56bfc062723c751e8b465ee728b)
Start importing Assets/Resources/CustomPlayer.prefab using Guid(2158a91ed2c044caeb197c8e624613f0) Importer(815301076,1909f56bfc062723c751e8b465ee728b)  -> (artifact id: '30d6dce54544ee4089c9ba36f800eae0') in 0.164948 seconds 
========================================================================
Received Import Request.
  Time since last request: 2.397210 seconds.
  path: Assets/Resources/CustomPlayer.prefab
  artifactKey: Guid(2158a91ed2c044caeb197c8e624613f0) Importer(815301076,1909f56bfc062723c751e8b465ee728b)
Start importing Assets/Resources/CustomPlayer.prefab using Guid(2158a91ed2c044caeb197c8e624613f0) Importer(815301076,1909f56bfc062723c751e8b465ee728b)  -> (artifact id: '2456312c9d79954e4383976b33aaca13') in 0.031770 seconds 
========================================================================
Received Import Request.
  Time since last request: 6.757666 seconds.
  path: Assets/Resources/CustomPlayer.prefab
  artifactKey: Guid(2158a91ed2c044caeb197c8e624613f0) Importer(815301076,1909f56bfc062723c751e8b465ee728b)
Start importing Assets/Resources/CustomPlayer.prefab using Guid(2158a91ed2c044caeb197c8e624613f0) Importer(815301076,1909f56bfc062723c751e8b465ee728b)  -> (artifact id: '773690f9e9341618bfec8bc321344e02') in 0.047754 seconds 
========================================================================
Received Import Request.
  Time since last request: 2.563918 seconds.
  path: Assets/Resources/CustomPlayer.prefab
  artifactKey: Guid(2158a91ed2c044caeb197c8e624613f0) Importer(815301076,1909f56bfc062723c751e8b465ee728b)
Start importing Assets/Resources/CustomPlayer.prefab using Guid(2158a91ed2c044caeb197c8e624613f0) Importer(815301076,1909f56bfc062723c751e8b465ee728b)  -> (artifact id: '38ecb3e9ca654ff6a47df9d7053a8ac8') in 0.026849 seconds 
========================================================================
Received Import Request.
  Time since last request: 31.439670 seconds.
  path: Assets/Resources/CustomPlayer.prefab
  artifactKey: Guid(2158a91ed2c044caeb197c8e624613f0) Importer(815301076,1909f56bfc062723c751e8b465ee728b)
Start importing Assets/Resources/CustomPlayer.prefab using Guid(2158a91ed2c044caeb197c8e624613f0) Importer(815301076,1909f56bfc062723c751e8b465ee728b)  -> (artifact id: '125ee9d95244ee3a0b191276513d09c2') in 0.038481 seconds 
========================================================================
Received Import Request.
  Time since last request: 1.979998 seconds.
  path: Assets/Resources/CustomPlayer.prefab
  artifactKey: Guid(2158a91ed2c044caeb197c8e624613f0) Importer(815301076,1909f56bfc062723c751e8b465ee728b)
Start importing Assets/Resources/CustomPlayer.prefab using Guid(2158a91ed2c044caeb197c8e624613f0) Importer(815301076,1909f56bfc062723c751e8b465ee728b)  -> (artifact id: '24abf57091e585db3474806254ab5e66') in 0.039180 seconds 
========================================================================
Received Import Request.
  Time since last request: 2.636327 seconds.
  path: Assets/Resources/CustomPlayer.prefab
  artifactKey: Guid(2158a91ed2c044caeb197c8e624613f0) Importer(815301076,1909f56bfc062723c751e8b465ee728b)
Start importing Assets/Resources/CustomPlayer.prefab using Guid(2158a91ed2c044caeb197c8e624613f0) Importer(815301076,1909f56bfc062723c751e8b465ee728b)  -> (artifact id: '175c9f6b576998890db2ee120ecf0f90') in 0.024321 seconds 
========================================================================
Received Import Request.
  Time since last request: 9.446066 seconds.
  path: Assets/Resources/CustomPlayer.prefab
  artifactKey: Guid(2158a91ed2c044caeb197c8e624613f0) Importer(815301076,1909f56bfc062723c751e8b465ee728b)
Start importing Assets/Resources/CustomPlayer.prefab using Guid(2158a91ed2c044caeb197c8e624613f0) Importer(815301076,1909f56bfc062723c751e8b465ee728b)  -> (artifact id: 'fd5b5335a270567fafa950451cdaf051') in 0.029440 seconds 
========================================================================
Received Prepare
Registering precompiled user dll's ...
Registered in 0.003800 seconds.
Begin MonoManager ReloadAssembly
Native extension for OSXStandalone target not found
Refreshing native plugins compatible for Editor in 0.81 ms, found 4 plugins.
Preloading 1 native plugins for Editor in 0.52 ms.
Mono: successfully reloaded assembly
- Completed reload, in  1.575 seconds
Domain Reload Profiling:
	ReloadAssembly (1575ms)
		BeginReloadAssembly (159ms)
			ExecutionOrderSort (0ms)
			DisableScriptedObjects (7ms)
			BackupInstance (0ms)
			ReleaseScriptingObjects (0ms)
			CreateAndSetChildDomain (84ms)
		EndReloadAssembly (1330ms)
			LoadAssemblies (92ms)
			RebuildTransferFunctionScriptingTraits (0ms)
			SetupTypeCache (482ms)
			ReleaseScriptCaches (1ms)
			RebuildScriptCaches (75ms)
			SetupLoadedEditorAssemblies (482ms)
				LogAssemblyErrors (0ms)
				InitializePlatformSupportModulesInManaged (4ms)
				SetLoadedEditorAssemblies (1ms)
				RefreshPlugins (1ms)
				BeforeProcessingInitializeOnLoad (130ms)
				ProcessInitializeOnLoadAttributes (332ms)
				ProcessInitializeOnLoadMethodAttributes (12ms)
				AfterProcessingInitializeOnLoad (1ms)
				EditorAssembliesLoaded (0ms)
			ExecutionOrderSort2 (0ms)
			AwakeInstancesAfterBackupRestoration (7ms)
Platform modules already initialized, skipping
Switching build target platform(2) subTarget(0) extendedPlatform(0) -> platform(13) subTarget(524294) extendedPlatform(0)
Refreshing native plugins compatible for Editor in 0.78 ms, found 4 plugins.
Preloading 1 native plugins for Editor in 0.60 ms.
Unloading 2318 Unused Serialized files (Serialized files now loaded: 0)
System memory in use before: 224.6 MB.
System memory in use after: 224.8 MB.

Unloading 28 unused Assets to reduce memory usage. Loaded Objects now: 2902.
Total: 4.314862 ms (FindLiveObjects: 0.257938 ms CreateObjectMapping: 0.175042 ms MarkObjects: 3.849255 ms  DeleteObjects: 0.031648 ms)

AssetImportParameters requested are different than current active one (requested -> active):
  custom:video-decoder-ogg-theora: a1e56fd34408186e4bbccfd4996cb3dc -> 
  custom:container-muxer-webm: aa71ff27fc2769a1b78a27578f13a17b -> 
  custom:container-demuxer-webm: 4f35f7cbe854078d1ac9338744f61a02 -> 
  custom:container-demuxer-ogg: 62fdf1f143b41e24485cea50d1cbac27 -> 
  custom:video-encoder-webm-vp8: eb34c28f22e8b96e1ab97ce403110664 -> 
  custom:framework-osx-AVFoundation: b23960f63f64bdc6ff669e2cdcee2391 -> 
  custom:video-decoder-webm-vp8: 9c59270c3fd7afecdb556c50c9e8de78 -> 
  custom:graphics/normal-map-encoding: 01000000000000000000000000000000 -> 02000000000000000000000000000000
  custom:audio-decoder-ogg-vorbis: bf7c407c2cedff20999df2af8eb42d56 -> 
  custom:audio-encoder-webm-vorbis: bf7c407c2cedff20999df2af8eb42d56 -> 
========================================================================
Received Prepare
Registering precompiled user dll's ...
Registered in 0.003904 seconds.
Begin MonoManager ReloadAssembly
Native extension for OSXStandalone target not found
Refreshing native plugins compatible for Editor in 0.76 ms, found 4 plugins.
Preloading 1 native plugins for Editor in 0.57 ms.
Mono: successfully reloaded assembly
- Completed reload, in  1.569 seconds
Domain Reload Profiling:
	ReloadAssembly (1569ms)
		BeginReloadAssembly (154ms)
			ExecutionOrderSort (0ms)
			DisableScriptedObjects (6ms)
			BackupInstance (0ms)
			ReleaseScriptingObjects (0ms)
			CreateAndSetChildDomain (79ms)
		EndReloadAssembly (1332ms)
			LoadAssemblies (91ms)
			RebuildTransferFunctionScriptingTraits (0ms)
			SetupTypeCache (488ms)
			ReleaseScriptCaches (1ms)
			RebuildScriptCaches (72ms)
			SetupLoadedEditorAssemblies (486ms)
				LogAssemblyErrors (0ms)
				InitializePlatformSupportModulesInManaged (4ms)
				SetLoadedEditorAssemblies (1ms)
				RefreshPlugins (1ms)
				BeforeProcessingInitializeOnLoad (126ms)
				ProcessInitializeOnLoadAttributes (341ms)
				ProcessInitializeOnLoadMethodAttributes (11ms)
				AfterProcessingInitializeOnLoad (1ms)
				EditorAssembliesLoaded (0ms)
			ExecutionOrderSort2 (0ms)
			AwakeInstancesAfterBackupRestoration (7ms)
Platform modules already initialized, skipping
Switching build target platform(2) subTarget(0) extendedPlatform(0) -> platform(13) subTarget(524294) extendedPlatform(0)
Refreshing native plugins compatible for Editor in 0.76 ms, found 4 plugins.
Preloading 1 native plugins for Editor in 0.48 ms.
Unloading 2318 Unused Serialized files (Serialized files now loaded: 0)
System memory in use before: 224.9 MB.
System memory in use after: 225.1 MB.

Unloading 28 unused Assets to reduce memory usage. Loaded Objects now: 2905.
Total: 4.515004 ms (FindLiveObjects: 0.291804 ms CreateObjectMapping: 0.213242 ms MarkObjects: 3.984448 ms  DeleteObjects: 0.024659 ms)

AssetImportParameters requested are different than current active one (requested -> active):
  custom:video-decoder-ogg-theora: a1e56fd34408186e4bbccfd4996cb3dc -> 
  custom:container-muxer-webm: aa71ff27fc2769a1b78a27578f13a17b -> 
  custom:container-demuxer-webm: 4f35f7cbe854078d1ac9338744f61a02 -> 
  custom:container-demuxer-ogg: 62fdf1f143b41e24485cea50d1cbac27 -> 
  custom:video-encoder-webm-vp8: eb34c28f22e8b96e1ab97ce403110664 -> 
  custom:framework-osx-AVFoundation: b23960f63f64bdc6ff669e2cdcee2391 -> 
  custom:video-decoder-webm-vp8: 9c59270c3fd7afecdb556c50c9e8de78 -> 
  custom:graphics/normal-map-encoding: 01000000000000000000000000000000 -> 02000000000000000000000000000000
  custom:audio-decoder-ogg-vorbis: bf7c407c2cedff20999df2af8eb42d56 -> 
  custom:audio-encoder-webm-vorbis: bf7c407c2cedff20999df2af8eb42d56 -> 
========================================================================
Received Prepare
Registering precompiled user dll's ...
Registered in 0.004150 seconds.
Begin MonoManager ReloadAssembly
Native extension for OSXStandalone target not found
Refreshing native plugins compatible for Editor in 1.73 ms, found 4 plugins.
Preloading 1 native plugins for Editor in 0.86 ms.
Mono: successfully reloaded assembly
- Completed reload, in  1.588 seconds
Domain Reload Profiling:
	ReloadAssembly (1589ms)
		BeginReloadAssembly (152ms)
			ExecutionOrderSort (0ms)
			DisableScriptedObjects (6ms)
			BackupInstance (0ms)
			ReleaseScriptingObjects (0ms)
			CreateAndSetChildDomain (82ms)
		EndReloadAssembly (1356ms)
			LoadAssemblies (89ms)
			RebuildTransferFunctionScriptingTraits (0ms)
			SetupTypeCache (477ms)
			ReleaseScriptCaches (1ms)
			RebuildScriptCaches (75ms)
			SetupLoadedEditorAssemblies (502ms)
				LogAssemblyErrors (0ms)
				InitializePlatformSupportModulesInManaged (5ms)
				SetLoadedEditorAssemblies (1ms)
				RefreshPlugins (3ms)
				BeforeProcessingInitializeOnLoad (130ms)
				ProcessInitializeOnLoadAttributes (351ms)
				ProcessInitializeOnLoadMethodAttributes (11ms)
				AfterProcessingInitializeOnLoad (1ms)
				EditorAssembliesLoaded (0ms)
			ExecutionOrderSort2 (0ms)
			AwakeInstancesAfterBackupRestoration (7ms)
Platform modules already initialized, skipping
Switching build target platform(2) subTarget(0) extendedPlatform(0) -> platform(13) subTarget(524294) extendedPlatform(0)
Refreshing native plugins compatible for Editor in 0.76 ms, found 4 plugins.
Preloading 1 native plugins for Editor in 0.53 ms.
Unloading 2318 Unused Serialized files (Serialized files now loaded: 0)
System memory in use before: 225.1 MB.
System memory in use after: 225.3 MB.

Unloading 28 unused Assets to reduce memory usage. Loaded Objects now: 2908.
Total: 4.338580 ms (FindLiveObjects: 0.320264 ms CreateObjectMapping: 0.276315 ms MarkObjects: 3.711127 ms  DeleteObjects: 0.029921 ms)

AssetImportParameters requested are different than current active one (requested -> active):
  custom:video-decoder-ogg-theora: a1e56fd34408186e4bbccfd4996cb3dc -> 
  custom:container-muxer-webm: aa71ff27fc2769a1b78a27578f13a17b -> 
  custom:container-demuxer-webm: 4f35f7cbe854078d1ac9338744f61a02 -> 
  custom:container-demuxer-ogg: 62fdf1f143b41e24485cea50d1cbac27 -> 
  custom:video-encoder-webm-vp8: eb34c28f22e8b96e1ab97ce403110664 -> 
  custom:framework-osx-AVFoundation: b23960f63f64bdc6ff669e2cdcee2391 -> 
  custom:video-decoder-webm-vp8: 9c59270c3fd7afecdb556c50c9e8de78 -> 
  custom:graphics/normal-map-encoding: 01000000000000000000000000000000 -> 02000000000000000000000000000000
  custom:audio-decoder-ogg-vorbis: bf7c407c2cedff20999df2af8eb42d56 -> 
  custom:audio-encoder-webm-vorbis: bf7c407c2cedff20999df2af8eb42d56 -> 
========================================================================
Received Prepare
Registering precompiled user dll's ...
Registered in 0.003769 seconds.
Begin MonoManager ReloadAssembly
Native extension for OSXStandalone target not found
Refreshing native plugins compatible for Editor in 0.79 ms, found 4 plugins.
Preloading 1 native plugins for Editor in 0.59 ms.
Mono: successfully reloaded assembly
- Completed reload, in  1.578 seconds
Domain Reload Profiling:
	ReloadAssembly (1579ms)
		BeginReloadAssembly (157ms)
			ExecutionOrderSort (0ms)
			DisableScriptedObjects (6ms)
			BackupInstance (0ms)
			ReleaseScriptingObjects (0ms)
			CreateAndSetChildDomain (83ms)
		EndReloadAssembly (1333ms)
			LoadAssemblies (95ms)
			RebuildTransferFunctionScriptingTraits (0ms)
			SetupTypeCache (480ms)
			ReleaseScriptCaches (1ms)
			RebuildScriptCaches (69ms)
			SetupLoadedEditorAssemblies (490ms)
				LogAssemblyErrors (0ms)
				InitializePlatformSupportModulesInManaged (4ms)
				SetLoadedEditorAssemblies (1ms)
				RefreshPlugins (1ms)
				BeforeProcessingInitializeOnLoad (126ms)
				ProcessInitializeOnLoadAttributes (345ms)
				ProcessInitializeOnLoadMethodAttributes (11ms)
				AfterProcessingInitializeOnLoad (1ms)
				EditorAssembliesLoaded (0ms)
			ExecutionOrderSort2 (0ms)
			AwakeInstancesAfterBackupRestoration (7ms)
Platform modules already initialized, skipping
Switching build target platform(2) subTarget(0) extendedPlatform(0) -> platform(13) subTarget(524294) extendedPlatform(0)
Refreshing native plugins compatible for Editor in 0.77 ms, found 4 plugins.
Preloading 1 native plugins for Editor in 0.49 ms.
Unloading 2318 Unused Serialized files (Serialized files now loaded: 0)
System memory in use before: 225.3 MB.
System memory in use after: 225.5 MB.

Unloading 28 unused Assets to reduce memory usage. Loaded Objects now: 2911.
Total: 4.634856 ms (FindLiveObjects: 0.350915 ms CreateObjectMapping: 0.168481 ms MarkObjects: 4.083878 ms  DeleteObjects: 0.030497 ms)

AssetImportParameters requested are different than current active one (requested -> active):
  custom:video-decoder-ogg-theora: a1e56fd34408186e4bbccfd4996cb3dc -> 
  custom:container-muxer-webm: aa71ff27fc2769a1b78a27578f13a17b -> 
  custom:container-demuxer-webm: 4f35f7cbe854078d1ac9338744f61a02 -> 
  custom:container-demuxer-ogg: 62fdf1f143b41e24485cea50d1cbac27 -> 
  custom:video-encoder-webm-vp8: eb34c28f22e8b96e1ab97ce403110664 -> 
  custom:framework-osx-AVFoundation: b23960f63f64bdc6ff669e2cdcee2391 -> 
  custom:video-decoder-webm-vp8: 9c59270c3fd7afecdb556c50c9e8de78 -> 
  custom:graphics/normal-map-encoding: 01000000000000000000000000000000 -> 02000000000000000000000000000000
  custom:audio-decoder-ogg-vorbis: bf7c407c2cedff20999df2af8eb42d56 -> 
  custom:audio-encoder-webm-vorbis: bf7c407c2cedff20999df2af8eb42d56 -> 
========================================================================
Received Import Request.
  Time since last request: 205.620578 seconds.
  path: Assets/Resources/CustomPlayer.prefab
  artifactKey: Guid(2158a91ed2c044caeb197c8e624613f0) Importer(815301076,1909f56bfc062723c751e8b465ee728b)
Start importing Assets/Resources/CustomPlayer.prefab using Guid(2158a91ed2c044caeb197c8e624613f0) Importer(815301076,1909f56bfc062723c751e8b465ee728b)  -> (artifact id: '231abbfcae28fa2bfc8f4f8b01cb5086') in 0.152263 seconds 
========================================================================
Received Prepare
Registering precompiled user dll's ...
Registered in 0.004047 seconds.
Begin MonoManager ReloadAssembly
Native extension for OSXStandalone target not found
Refreshing native plugins compatible for Editor in 0.79 ms, found 4 plugins.
Preloading 1 native plugins for Editor in 0.50 ms.
Mono: successfully reloaded assembly
- Completed reload, in  1.555 seconds
Domain Reload Profiling:
	ReloadAssembly (1555ms)
		BeginReloadAssembly (153ms)
			ExecutionOrderSort (0ms)
			DisableScriptedObjects (6ms)
			BackupInstance (0ms)
			ReleaseScriptingObjects (0ms)
			CreateAndSetChildDomain (83ms)
		EndReloadAssembly (1320ms)
			LoadAssemblies (90ms)
			RebuildTransferFunctionScriptingTraits (0ms)
			SetupTypeCache (459ms)
			ReleaseScriptCaches (1ms)
			RebuildScriptCaches (66ms)
			SetupLoadedEditorAssemblies (499ms)
				LogAssemblyErrors (0ms)
				InitializePlatformSupportModulesInManaged (4ms)
				SetLoadedEditorAssemblies (1ms)
				RefreshPlugins (1ms)
				BeforeProcessingInitializeOnLoad (132ms)
				ProcessInitializeOnLoadAttributes (348ms)
				ProcessInitializeOnLoadMethodAttributes (11ms)
				AfterProcessingInitializeOnLoad (1ms)
				EditorAssembliesLoaded (0ms)
			ExecutionOrderSort2 (0ms)
			AwakeInstancesAfterBackupRestoration (7ms)
Platform modules already initialized, skipping
Switching build target platform(2) subTarget(0) extendedPlatform(0) -> platform(13) subTarget(524294) extendedPlatform(0)
Refreshing native plugins compatible for Editor in 0.77 ms, found 4 plugins.
Preloading 1 native plugins for Editor in 0.52 ms.
Unloading 2318 Unused Serialized files (Serialized files now loaded: 0)
System memory in use before: 225.5 MB.
System memory in use after: 225.7 MB.

Unloading 28 unused Assets to reduce memory usage. Loaded Objects now: 2915.
Total: 4.399628 ms (FindLiveObjects: 0.282479 ms CreateObjectMapping: 0.228505 ms MarkObjects: 3.859252 ms  DeleteObjects: 0.028281 ms)

AssetImportParameters requested are different than current active one (requested -> active):
  custom:video-decoder-ogg-theora: a1e56fd34408186e4bbccfd4996cb3dc -> 
  custom:container-muxer-webm: aa71ff27fc2769a1b78a27578f13a17b -> 
  custom:container-demuxer-webm: 4f35f7cbe854078d1ac9338744f61a02 -> 
  custom:container-demuxer-ogg: 62fdf1f143b41e24485cea50d1cbac27 -> 
  custom:video-encoder-webm-vp8: eb34c28f22e8b96e1ab97ce403110664 -> 
  custom:framework-osx-AVFoundation: b23960f63f64bdc6ff669e2cdcee2391 -> 
  custom:video-decoder-webm-vp8: 9c59270c3fd7afecdb556c50c9e8de78 -> 
  custom:graphics/normal-map-encoding: 01000000000000000000000000000000 -> 02000000000000000000000000000000
  custom:audio-decoder-ogg-vorbis: bf7c407c2cedff20999df2af8eb42d56 -> 
  custom:audio-encoder-webm-vorbis: bf7c407c2cedff20999df2af8eb42d56 -> 
========================================================================
Received Import Request.
  Time since last request: 38.265903 seconds.
  path: Assets/Resources/CustomPlayer.prefab
  artifactKey: Guid(2158a91ed2c044caeb197c8e624613f0) Importer(815301076,1909f56bfc062723c751e8b465ee728b)
Start importing Assets/Resources/CustomPlayer.prefab using Guid(2158a91ed2c044caeb197c8e624613f0) Importer(815301076,1909f56bfc062723c751e8b465ee728b)  -> (artifact id: 'd115568c8bcd12e4ec99c662edcd5272') in 0.165444 seconds 
========================================================================
Received Import Request.
  Time since last request: 10.289249 seconds.
  path: Assets/Resources/CustomPlayer.prefab
  artifactKey: Guid(2158a91ed2c044caeb197c8e624613f0) Importer(815301076,1909f56bfc062723c751e8b465ee728b)
Start importing Assets/Resources/CustomPlayer.prefab using Guid(2158a91ed2c044caeb197c8e624613f0) Importer(815301076,1909f56bfc062723c751e8b465ee728b)  -> (artifact id: '649e270351d2ca8038cfc1b6c4538ccc') in 0.028228 seconds 
========================================================================
Received Import Request.
  Time since last request: 16.717134 seconds.
  path: Assets/Resources/CustomPlayer.prefab
  artifactKey: Guid(2158a91ed2c044caeb197c8e624613f0) Importer(815301076,1909f56bfc062723c751e8b465ee728b)
Start importing Assets/Resources/CustomPlayer.prefab using Guid(2158a91ed2c044caeb197c8e624613f0) Importer(815301076,1909f56bfc062723c751e8b465ee728b)  -> (artifact id: '53b5a17723461bf09174d1c733f18515') in 0.027961 seconds 
========================================================================
Received Import Request.
  Time since last request: 1.180597 seconds.
  path: Assets/Resources/CustomPlayer.prefab
  artifactKey: Guid(2158a91ed2c044caeb197c8e624613f0) Importer(815301076,1909f56bfc062723c751e8b465ee728b)
Start importing Assets/Resources/CustomPlayer.prefab using Guid(2158a91ed2c044caeb197c8e624613f0) Importer(815301076,1909f56bfc062723c751e8b465ee728b)  -> (artifact id: '497737291e288cc57ba118ed79127a37') in 0.028563 seconds 
========================================================================
Received Import Request.
  Time since last request: 18.239567 seconds.
  path: Assets/Resources/CustomPlayer.prefab
  artifactKey: Guid(2158a91ed2c044caeb197c8e624613f0) Importer(815301076,1909f56bfc062723c751e8b465ee728b)
Start importing Assets/Resources/CustomPlayer.prefab using Guid(2158a91ed2c044caeb197c8e624613f0) Importer(815301076,1909f56bfc062723c751e8b465ee728b)  -> (artifact id: '9d603244a3772a411f141ba3744e6114') in 0.028687 seconds 
========================================================================
Received Import Request.
  Time since last request: 3.615954 seconds.
  path: Assets/Resources/CustomPlayer.prefab
  artifactKey: Guid(2158a91ed2c044caeb197c8e624613f0) Importer(815301076,1909f56bfc062723c751e8b465ee728b)
Start importing Assets/Resources/CustomPlayer.prefab using Guid(2158a91ed2c044caeb197c8e624613f0) Importer(815301076,1909f56bfc062723c751e8b465ee728b)  -> (artifact id: '7d7dbc1c91b5ca7bf033e814f2a14fdd') in 0.027898 seconds 
========================================================================
Received Prepare
Registering precompiled user dll's ...
Registered in 0.004031 seconds.
Begin MonoManager ReloadAssembly
Native extension for OSXStandalone target not found
Refreshing native plugins compatible for Editor in 0.80 ms, found 4 plugins.
Preloading 1 native plugins for Editor in 0.52 ms.
Mono: successfully reloaded assembly
- Completed reload, in  1.531 seconds
Domain Reload Profiling:
	ReloadAssembly (1532ms)
		BeginReloadAssembly (159ms)
			ExecutionOrderSort (0ms)
			DisableScriptedObjects (6ms)
			BackupInstance (0ms)
			ReleaseScriptingObjects (0ms)
			CreateAndSetChildDomain (83ms)
		EndReloadAssembly (1287ms)
			LoadAssemblies (93ms)
			RebuildTransferFunctionScriptingTraits (0ms)
			SetupTypeCache (466ms)
			ReleaseScriptCaches (1ms)
			RebuildScriptCaches (65ms)
			SetupLoadedEditorAssemblies (472ms)
				LogAssemblyErrors (0ms)
				InitializePlatformSupportModulesInManaged (4ms)
				SetLoadedEditorAssemblies (1ms)
				RefreshPlugins (1ms)
				BeforeProcessingInitializeOnLoad (122ms)
				ProcessInitializeOnLoadAttributes (331ms)
				ProcessInitializeOnLoadMethodAttributes (12ms)
				AfterProcessingInitializeOnLoad (1ms)
				EditorAssembliesLoaded (0ms)
			ExecutionOrderSort2 (0ms)
			AwakeInstancesAfterBackupRestoration (7ms)
Platform modules already initialized, skipping
Switching build target platform(2) subTarget(0) extendedPlatform(0) -> platform(13) subTarget(524294) extendedPlatform(0)
Refreshing native plugins compatible for Editor in 0.79 ms, found 4 plugins.
Preloading 1 native plugins for Editor in 0.51 ms.
Unloading 2318 Unused Serialized files (Serialized files now loaded: 0)
System memory in use before: 225.7 MB.
System memory in use after: 225.9 MB.

Unloading 28 unused Assets to reduce memory usage. Loaded Objects now: 2919.
Total: 4.441965 ms (FindLiveObjects: 0.295850 ms CreateObjectMapping: 0.232939 ms MarkObjects: 3.874704 ms  DeleteObjects: 0.037272 ms)

AssetImportParameters requested are different than current active one (requested -> active):
  custom:video-decoder-ogg-theora: a1e56fd34408186e4bbccfd4996cb3dc -> 
  custom:container-muxer-webm: aa71ff27fc2769a1b78a27578f13a17b -> 
  custom:container-demuxer-webm: 4f35f7cbe854078d1ac9338744f61a02 -> 
  custom:container-demuxer-ogg: 62fdf1f143b41e24485cea50d1cbac27 -> 
  custom:video-encoder-webm-vp8: eb34c28f22e8b96e1ab97ce403110664 -> 
  custom:framework-osx-AVFoundation: b23960f63f64bdc6ff669e2cdcee2391 -> 
  custom:video-decoder-webm-vp8: 9c59270c3fd7afecdb556c50c9e8de78 -> 
  custom:graphics/normal-map-encoding: 01000000000000000000000000000000 -> 02000000000000000000000000000000
  custom:audio-decoder-ogg-vorbis: bf7c407c2cedff20999df2af8eb42d56 -> 
  custom:audio-encoder-webm-vorbis: bf7c407c2cedff20999df2af8eb42d56 -> 
========================================================================
Received Prepare
Registering precompiled user dll's ...
Registered in 0.003995 seconds.
Begin MonoManager ReloadAssembly
Native extension for OSXStandalone target not found
Refreshing native plugins compatible for Editor in 0.81 ms, found 4 plugins.
Preloading 1 native plugins for Editor in 0.51 ms.
Mono: successfully reloaded assembly
- Completed reload, in  1.530 seconds
Domain Reload Profiling:
	ReloadAssembly (1531ms)
		BeginReloadAssembly (151ms)
			ExecutionOrderSort (0ms)
			DisableScriptedObjects (7ms)
			BackupInstance (0ms)
			ReleaseScriptingObjects (0ms)
			CreateAndSetChildDomain (82ms)
		EndReloadAssembly (1299ms)
			LoadAssemblies (87ms)
			RebuildTransferFunctionScriptingTraits (0ms)
			SetupTypeCache (467ms)
			ReleaseScriptCaches (1ms)
			RebuildScriptCaches (66ms)
			SetupLoadedEditorAssemblies (474ms)
				LogAssemblyErrors (0ms)
				InitializePlatformSupportModulesInManaged (4ms)
				SetLoadedEditorAssemblies (1ms)
				RefreshPlugins (1ms)
				BeforeProcessingInitializeOnLoad (125ms)
				ProcessInitializeOnLoadAttributes (331ms)
				ProcessInitializeOnLoadMethodAttributes (10ms)
				AfterProcessingInitializeOnLoad (2ms)
				EditorAssembliesLoaded (0ms)
			ExecutionOrderSort2 (0ms)
			AwakeInstancesAfterBackupRestoration (7ms)
Platform modules already initialized, skipping
Switching build target platform(2) subTarget(0) extendedPlatform(0) -> platform(13) subTarget(524294) extendedPlatform(0)
Refreshing native plugins compatible for Editor in 0.79 ms, found 4 plugins.
Preloading 1 native plugins for Editor in 0.49 ms.
Unloading 2318 Unused Serialized files (Serialized files now loaded: 0)
System memory in use before: 226.0 MB.
System memory in use after: 226.2 MB.

Unloading 28 unused Assets to reduce memory usage. Loaded Objects now: 2922.
Total: 4.349402 ms (FindLiveObjects: 0.307629 ms CreateObjectMapping: 0.224191 ms MarkObjects: 3.789123 ms  DeleteObjects: 0.027600 ms)

AssetImportParameters requested are different than current active one (requested -> active):
  custom:video-decoder-ogg-theora: a1e56fd34408186e4bbccfd4996cb3dc -> 
  custom:container-muxer-webm: aa71ff27fc2769a1b78a27578f13a17b -> 
  custom:container-demuxer-webm: 4f35f7cbe854078d1ac9338744f61a02 -> 
  custom:container-demuxer-ogg: 62fdf1f143b41e24485cea50d1cbac27 -> 
  custom:video-encoder-webm-vp8: eb34c28f22e8b96e1ab97ce403110664 -> 
  custom:framework-osx-AVFoundation: b23960f63f64bdc6ff669e2cdcee2391 -> 
  custom:video-decoder-webm-vp8: 9c59270c3fd7afecdb556c50c9e8de78 -> 
  custom:graphics/normal-map-encoding: 01000000000000000000000000000000 -> 02000000000000000000000000000000
  custom:audio-decoder-ogg-vorbis: bf7c407c2cedff20999df2af8eb42d56 -> 
  custom:audio-encoder-webm-vorbis: bf7c407c2cedff20999df2af8eb42d56 -> 
========================================================================
Received Prepare
Refreshing native plugins compatible for Editor in 4.74 ms, found 4 plugins.
Preloading 1 native plugins for Editor in 0.60 ms.
Unloading 25 Unused Serialized files (Serialized files now loaded: 0)
System memory in use before: 181.4 MB.
System memory in use after: 181.6 MB.

Unloading 25 unused Assets to reduce memory usage. Loaded Objects now: 2922.
Total: 4.412314 ms (FindLiveObjects: 0.317655 ms CreateObjectMapping: 0.173185 ms MarkObjects: 3.901635 ms  DeleteObjects: 0.019112 ms)

AssetImportParameters requested are different than current active one (requested -> active):
  custom:video-decoder-ogg-theora: a1e56fd34408186e4bbccfd4996cb3dc -> 
  custom:container-muxer-webm: aa71ff27fc2769a1b78a27578f13a17b -> 
  custom:container-demuxer-webm: 4f35f7cbe854078d1ac9338744f61a02 -> 
  custom:container-demuxer-ogg: 62fdf1f143b41e24485cea50d1cbac27 -> 
  custom:video-encoder-webm-vp8: eb34c28f22e8b96e1ab97ce403110664 -> 
  custom:framework-osx-AVFoundation: b23960f63f64bdc6ff669e2cdcee2391 -> 
  custom:video-decoder-webm-vp8: 9c59270c3fd7afecdb556c50c9e8de78 -> 
  custom:audio-decoder-ogg-vorbis: bf7c407c2cedff20999df2af8eb42d56 -> 
  custom:audio-encoder-webm-vorbis: bf7c407c2cedff20999df2af8eb42d56 -> 
========================================================================
Received Prepare
Registering precompiled user dll's ...
Registered in 0.003894 seconds.
Begin MonoManager ReloadAssembly
Native extension for OSXStandalone target not found
Refreshing native plugins compatible for Editor in 0.75 ms, found 4 plugins.
Preloading 1 native plugins for Editor in 0.49 ms.
Mono: successfully reloaded assembly
- Completed reload, in  1.573 seconds
Domain Reload Profiling:
	ReloadAssembly (1573ms)
		BeginReloadAssembly (161ms)
			ExecutionOrderSort (0ms)
			DisableScriptedObjects (7ms)
			BackupInstance (0ms)
			ReleaseScriptingObjects (0ms)
			CreateAndSetChildDomain (88ms)
		EndReloadAssembly (1326ms)
			LoadAssemblies (91ms)
			RebuildTransferFunctionScriptingTraits (0ms)
			SetupTypeCache (463ms)
			ReleaseScriptCaches (1ms)
			RebuildScriptCaches (66ms)
			SetupLoadedEditorAssemblies (496ms)
				LogAssemblyErrors (0ms)
				InitializePlatformSupportModulesInManaged (4ms)
				SetLoadedEditorAssemblies (1ms)
				RefreshPlugins (1ms)
				BeforeProcessingInitializeOnLoad (123ms)
				ProcessInitializeOnLoadAttributes (353ms)
				ProcessInitializeOnLoadMethodAttributes (12ms)
				AfterProcessingInitializeOnLoad (2ms)
				EditorAssembliesLoaded (0ms)
			ExecutionOrderSort2 (0ms)
			AwakeInstancesAfterBackupRestoration (7ms)
Platform modules already initialized, skipping
Switching build target platform(2) subTarget(0) extendedPlatform(0) -> platform(13) subTarget(524294) extendedPlatform(0)
Refreshing native plugins compatible for Editor in 0.79 ms, found 4 plugins.
Preloading 1 native plugins for Editor in 0.51 ms.
Unloading 2318 Unused Serialized files (Serialized files now loaded: 0)
System memory in use before: 226.2 MB.
System memory in use after: 226.4 MB.

Unloading 28 unused Assets to reduce memory usage. Loaded Objects now: 2925.
Total: 4.261048 ms (FindLiveObjects: 0.260287 ms CreateObjectMapping: 0.183642 ms MarkObjects: 3.778169 ms  DeleteObjects: 0.038064 ms)

AssetImportParameters requested are different than current active one (requested -> active):
  custom:video-decoder-ogg-theora: a1e56fd34408186e4bbccfd4996cb3dc -> 
  custom:container-muxer-webm: aa71ff27fc2769a1b78a27578f13a17b -> 
  custom:container-demuxer-webm: 4f35f7cbe854078d1ac9338744f61a02 -> 
  custom:container-demuxer-ogg: 62fdf1f143b41e24485cea50d1cbac27 -> 
  custom:video-encoder-webm-vp8: eb34c28f22e8b96e1ab97ce403110664 -> 
  custom:framework-osx-AVFoundation: b23960f63f64bdc6ff669e2cdcee2391 -> 
  custom:video-decoder-webm-vp8: 9c59270c3fd7afecdb556c50c9e8de78 -> 
  custom:graphics/normal-map-encoding: 01000000000000000000000000000000 -> 02000000000000000000000000000000
  custom:audio-decoder-ogg-vorbis: bf7c407c2cedff20999df2af8eb42d56 -> 
  custom:audio-encoder-webm-vorbis: bf7c407c2cedff20999df2af8eb42d56 -> 
========================================================================
Received Prepare
Registering precompiled user dll's ...
Registered in 0.004074 seconds.
Begin MonoManager ReloadAssembly
Native extension for OSXStandalone target not found
Refreshing native plugins compatible for Editor in 0.84 ms, found 4 plugins.
Preloading 1 native plugins for Editor in 0.53 ms.
Mono: successfully reloaded assembly
- Completed reload, in  1.594 seconds
Domain Reload Profiling:
	ReloadAssembly (1594ms)
		BeginReloadAssembly (151ms)
			ExecutionOrderSort (0ms)
			DisableScriptedObjects (6ms)
			BackupInstance (0ms)
			ReleaseScriptingObjects (0ms)
			CreateAndSetChildDomain (81ms)
		EndReloadAssembly (1362ms)
			LoadAssemblies (90ms)
			RebuildTransferFunctionScriptingTraits (0ms)
			SetupTypeCache (476ms)
			ReleaseScriptCaches (2ms)
			RebuildScriptCaches (76ms)
			SetupLoadedEditorAssemblies (492ms)
				LogAssemblyErrors (0ms)
				InitializePlatformSupportModulesInManaged (6ms)
				SetLoadedEditorAssemblies (1ms)
				RefreshPlugins (1ms)
				BeforeProcessingInitializeOnLoad (124ms)
				ProcessInitializeOnLoadAttributes (345ms)
				ProcessInitializeOnLoadMethodAttributes (13ms)
				AfterProcessingInitializeOnLoad (2ms)
				EditorAssembliesLoaded (0ms)
			ExecutionOrderSort2 (0ms)
			AwakeInstancesAfterBackupRestoration (8ms)
Platform modules already initialized, skipping
Switching build target platform(2) subTarget(0) extendedPlatform(0) -> platform(13) subTarget(524294) extendedPlatform(0)
Refreshing native plugins compatible for Editor in 0.74 ms, found 4 plugins.
Preloading 1 native plugins for Editor in 0.50 ms.
Unloading 2318 Unused Serialized files (Serialized files now loaded: 0)
System memory in use before: 226.3 MB.
System memory in use after: 226.6 MB.

Unloading 28 unused Assets to reduce memory usage. Loaded Objects now: 2928.
Total: 4.354759 ms (FindLiveObjects: 0.297518 ms CreateObjectMapping: 0.263645 ms MarkObjects: 3.753315 ms  DeleteObjects: 0.029382 ms)

AssetImportParameters requested are different than current active one (requested -> active):
  custom:video-decoder-ogg-theora: a1e56fd34408186e4bbccfd4996cb3dc -> 
  custom:container-muxer-webm: aa71ff27fc2769a1b78a27578f13a17b -> 
  custom:container-demuxer-webm: 4f35f7cbe854078d1ac9338744f61a02 -> 
  custom:container-demuxer-ogg: 62fdf1f143b41e24485cea50d1cbac27 -> 
  custom:video-encoder-webm-vp8: eb34c28f22e8b96e1ab97ce403110664 -> 
  custom:framework-osx-AVFoundation: b23960f63f64bdc6ff669e2cdcee2391 -> 
  custom:video-decoder-webm-vp8: 9c59270c3fd7afecdb556c50c9e8de78 -> 
  custom:graphics/normal-map-encoding: 01000000000000000000000000000000 -> 02000000000000000000000000000000
  custom:audio-decoder-ogg-vorbis: bf7c407c2cedff20999df2af8eb42d56 -> 
  custom:audio-encoder-webm-vorbis: bf7c407c2cedff20999df2af8eb42d56 -> 
========================================================================
Received Prepare
Refreshing native plugins compatible for Editor in 4.51 ms, found 4 plugins.
Preloading 1 native plugins for Editor in 0.56 ms.
Unloading 25 Unused Serialized files (Serialized files now loaded: 0)
System memory in use before: 181.7 MB.
System memory in use after: 182.0 MB.

Unloading 25 unused Assets to reduce memory usage. Loaded Objects now: 2928.
Total: 4.121082 ms (FindLiveObjects: 0.258791 ms CreateObjectMapping: 0.165081 ms MarkObjects: 3.673782 ms  DeleteObjects: 0.022534 ms)

AssetImportParameters requested are different than current active one (requested -> active):
  custom:video-decoder-ogg-theora: a1e56fd34408186e4bbccfd4996cb3dc -> 
  custom:container-muxer-webm: aa71ff27fc2769a1b78a27578f13a17b -> 
  custom:container-demuxer-webm: 4f35f7cbe854078d1ac9338744f61a02 -> 
  custom:container-demuxer-ogg: 62fdf1f143b41e24485cea50d1cbac27 -> 
  custom:video-encoder-webm-vp8: eb34c28f22e8b96e1ab97ce403110664 -> 
  custom:framework-osx-AVFoundation: b23960f63f64bdc6ff669e2cdcee2391 -> 
  custom:video-decoder-webm-vp8: 9c59270c3fd7afecdb556c50c9e8de78 -> 
  custom:audio-decoder-ogg-vorbis: bf7c407c2cedff20999df2af8eb42d56 -> 
  custom:audio-encoder-webm-vorbis: bf7c407c2cedff20999df2af8eb42d56 -> 
========================================================================
Received Prepare
Registering precompiled user dll's ...
Registered in 0.003864 seconds.
Begin MonoManager ReloadAssembly
Native extension for OSXStandalone target not found
Refreshing native plugins compatible for Editor in 0.84 ms, found 4 plugins.
Preloading 1 native plugins for Editor in 0.51 ms.
Mono: successfully reloaded assembly
- Completed reload, in  1.593 seconds
Domain Reload Profiling:
	ReloadAssembly (1594ms)
		BeginReloadAssembly (155ms)
			ExecutionOrderSort (0ms)
			DisableScriptedObjects (6ms)
			BackupInstance (0ms)
			ReleaseScriptingObjects (0ms)
			CreateAndSetChildDomain (80ms)
		EndReloadAssembly (1359ms)
			LoadAssemblies (88ms)
			RebuildTransferFunctionScriptingTraits (0ms)
			SetupTypeCache (501ms)
			ReleaseScriptCaches (1ms)
			RebuildScriptCaches (70ms)
			SetupLoadedEditorAssemblies (486ms)
				LogAssemblyErrors (0ms)
				InitializePlatformSupportModulesInManaged (4ms)
				SetLoadedEditorAssemblies (1ms)
				RefreshPlugins (1ms)
				BeforeProcessingInitializeOnLoad (127ms)
				ProcessInitializeOnLoadAttributes (339ms)
				ProcessInitializeOnLoadMethodAttributes (12ms)
				AfterProcessingInitializeOnLoad (1ms)
				EditorAssembliesLoaded (0ms)
			ExecutionOrderSort2 (0ms)
			AwakeInstancesAfterBackupRestoration (7ms)
Platform modules already initialized, skipping
Switching build target platform(2) subTarget(0) extendedPlatform(0) -> platform(13) subTarget(524294) extendedPlatform(0)
Refreshing native plugins compatible for Editor in 0.89 ms, found 4 plugins.
Preloading 1 native plugins for Editor in 0.53 ms.
Unloading 2318 Unused Serialized files (Serialized files now loaded: 0)
System memory in use before: 226.5 MB.
System memory in use after: 226.8 MB.

Unloading 28 unused Assets to reduce memory usage. Loaded Objects now: 2931.
Total: 4.871235 ms (FindLiveObjects: 0.301463 ms CreateObjectMapping: 0.165025 ms MarkObjects: 4.370048 ms  DeleteObjects: 0.033623 ms)

AssetImportParameters requested are different than current active one (requested -> active):
  custom:video-decoder-ogg-theora: a1e56fd34408186e4bbccfd4996cb3dc -> 
  custom:container-muxer-webm: aa71ff27fc2769a1b78a27578f13a17b -> 
  custom:container-demuxer-webm: 4f35f7cbe854078d1ac9338744f61a02 -> 
  custom:container-demuxer-ogg: 62fdf1f143b41e24485cea50d1cbac27 -> 
  custom:video-encoder-webm-vp8: eb34c28f22e8b96e1ab97ce403110664 -> 
  custom:framework-osx-AVFoundation: b23960f63f64bdc6ff669e2cdcee2391 -> 
  custom:video-decoder-webm-vp8: 9c59270c3fd7afecdb556c50c9e8de78 -> 
  custom:graphics/normal-map-encoding: 01000000000000000000000000000000 -> 02000000000000000000000000000000
  custom:audio-decoder-ogg-vorbis: bf7c407c2cedff20999df2af8eb42d56 -> 
  custom:audio-encoder-webm-vorbis: bf7c407c2cedff20999df2af8eb42d56 -> 
